ARM GAS  C:\Users\aniru.000\AppData\Local\Temp\ccOPMGIQ.s 			page 1


   1              		.cpu cortex-m4
   2              		.arch armv7e-m
   3              		.fpu fpv4-sp-d16
   4              		.eabi_attribute 27, 1
   5              		.eabi_attribute 28, 1
   6              		.eabi_attribute 20, 1
   7              		.eabi_attribute 21, 1
   8              		.eabi_attribute 23, 3
   9              		.eabi_attribute 24, 1
  10              		.eabi_attribute 25, 1
  11              		.eabi_attribute 26, 1
  12              		.eabi_attribute 30, 1
  13              		.eabi_attribute 34, 1
  14              		.eabi_attribute 18, 4
  15              		.file	"BoardManager.cpp"
  16              		.text
  17              	.Ltext0:
  18              		.cfi_sections	.debug_frame
  19              		.file 1 "Core/Src/BoardManager.cpp"
  20              		.align	1
  21              		.global	_ZN12BoardManagerC2Ev
  22              		.syntax unified
  23              		.thumb
  24              		.thumb_func
  26              	_ZN12BoardManagerC2Ev:
  27              	.LVL0:
  28              	.LFB133:
   1:Core/Src/BoardManager.cpp **** /*
   2:Core/Src/BoardManager.cpp ****  * BoardManager.cpp
   3:Core/Src/BoardManager.cpp ****  *
   4:Core/Src/BoardManager.cpp ****  *  Created on: Apr 4, 2026
   5:Core/Src/BoardManager.cpp ****  *      Author: aniru
   6:Core/Src/BoardManager.cpp ****  */
   7:Core/Src/BoardManager.cpp **** 
   8:Core/Src/BoardManager.cpp **** #include "BoardManager.h"
   9:Core/Src/BoardManager.cpp **** 
  10:Core/Src/BoardManager.cpp **** BoardManager::BoardManager()
  29              		.loc 1 10 1 view -0
  30              		.cfi_startproc
  31              		@ args = 0, pretend = 0, frame = 0
  32              		@ frame_needed = 0, uses_anonymous_args = 0
  33              		.loc 1 10 1 is_stmt 0 view .LVU1
  34 0000 10B5     		push	{r4, lr}
  35              		.cfi_def_cfa_offset 8
  36              		.cfi_offset 4, -8
  37              		.cfi_offset 14, -4
  38 0002 0446     		mov	r4, r0
  39              	.LBB2:
  11:Core/Src/BoardManager.cpp **** 	:led(GPIOB, GPIO_PIN_14), led_wrapper(led)
  40              		.loc 1 11 3 view .LVU2
  41 0004 4FF48042 		mov	r2, #16384
  42 0008 0449     		ldr	r1, .L3
  43 000a FFF7FEFF 		bl	_ZN5IOPinC1EP12GPIO_TypeDeft
  44              	.LVL1:
  45              		.loc 1 11 28 discriminator 1 view .LVU3
  46 000e 2146     		mov	r1, r4
  47 0010 04F10800 		add	r0, r4, #8
ARM GAS  C:\Users\aniru.000\AppData\Local\Temp\ccOPMGIQ.s 			page 2


  48 0014 FFF7FEFF 		bl	_ZN13IOPin_wrapperC1ER5IOPin
  49              	.LVL2:
  50              	.LBE2:
  12:Core/Src/BoardManager.cpp **** {}
  51              		.loc 1 12 2 view .LVU4
  52 0018 2046     		mov	r0, r4
  53 001a 10BD     		pop	{r4, pc}
  54              	.LVL3:
  55              	.L4:
  56              		.loc 1 12 2 view .LVU5
  57              		.align	2
  58              	.L3:
  59 001c 00040048 		.word	1207960576
  60              		.cfi_endproc
  61              	.LFE133:
  63              		.global	_ZN12BoardManagerC1Ev
  64              		.thumb_set _ZN12BoardManagerC1Ev,_ZN12BoardManagerC2Ev
  65              		.align	1
  66              		.global	_ZN12BoardManager7executeEv
  67              		.syntax unified
  68              		.thumb
  69              		.thumb_func
  71              	_ZN12BoardManager7executeEv:
  72              	.LVL4:
  73              	.LFB135:
  13:Core/Src/BoardManager.cpp **** 
  14:Core/Src/BoardManager.cpp **** void BoardManager::execute(){
  74              		.loc 1 14 29 is_stmt 1 view -0
  75              		.cfi_startproc
  76              		@ args = 0, pretend = 0, frame = 0
  77              		@ frame_needed = 0, uses_anonymous_args = 0
  78              		.loc 1 14 29 is_stmt 0 view .LVU7
  79 0020 08B5     		push	{r3, lr}
  80              		.cfi_def_cfa_offset 8
  81              		.cfi_offset 3, -8
  82              		.cfi_offset 14, -4
  15:Core/Src/BoardManager.cpp **** 	led_wrapper.toggle_led();
  83              		.loc 1 15 2 is_stmt 1 view .LVU8
  84              		.loc 1 15 24 is_stmt 0 view .LVU9
  85 0022 0830     		adds	r0, r0, #8
  86              	.LVL5:
  87              		.loc 1 15 24 view .LVU10
  88 0024 FFF7FEFF 		bl	_ZN13IOPin_wrapper10toggle_ledEv
  89              	.LVL6:
  16:Core/Src/BoardManager.cpp **** }
  90              		.loc 1 16 1 view .LVU11
  91 0028 08BD     		pop	{r3, pc}
  92              		.cfi_endproc
  93              	.LFE135:
  95              	.Letext0:
  96              		.file 2 "C:/Users/aniru.000/AppData/Roaming/Code/User/globalStorage/bmd.stm32-for-vscode/@xpack-de
  97              		.file 3 "C:/Users/aniru.000/AppData/Roaming/Code/User/globalStorage/bmd.stm32-for-vscode/@xpack-de
  98              		.file 4 "Drivers/CMSIS/Device/ST/STM32G4xx/Include/stm32g491xx.h"
  99              		.file 5 "Core/Inc/IOPin.hpp"
 100              		.file 6 "Core/Inc/IOPinwrapper.hpp"
 101              		.file 7 "Core/Inc/BoardManager.h"
ARM GAS  C:\Users\aniru.000\AppData\Local\Temp\ccOPMGIQ.s 			page 3


DEFINED SYMBOLS
                            *ABS*:00000000 BoardManager.cpp
C:\Users\aniru.000\AppData\Local\Temp\ccOPMGIQ.s:20     .text:00000000 $t
C:\Users\aniru.000\AppData\Local\Temp\ccOPMGIQ.s:26     .text:00000000 _ZN12BoardManagerC2Ev
C:\Users\aniru.000\AppData\Local\Temp\ccOPMGIQ.s:59     .text:0000001c $d
C:\Users\aniru.000\AppData\Local\Temp\ccOPMGIQ.s:26     .text:00000000 _ZN12BoardManagerC1Ev
C:\Users\aniru.000\AppData\Local\Temp\ccOPMGIQ.s:65     .text:00000020 $t
C:\Users\aniru.000\AppData\Local\Temp\ccOPMGIQ.s:71     .text:00000020 _ZN12BoardManager7executeEv

UNDEFINED SYMBOLS
_ZN5IOPinC1EP12GPIO_TypeDeft
_ZN13IOPin_wrapperC1ER5IOPin
_ZN13IOPin_wrapper10toggle_ledEv
