ARM GAS  C:\Users\aniru.000\AppData\Local\Temp\ccrTWd2F.s 			page 1


   1              		.cpu cortex-m4
   2              		.arch armv7e-m
   3              		.fpu fpv4-sp-d16
   4              		.eabi_attribute 27, 1
   5              		.eabi_attribute 28, 1
   6              		.eabi_attribute 20, 1
   7              		.eabi_attribute 21, 1
   8              		.eabi_attribute 23, 3
   9              		.eabi_attribute 24, 1
  10              		.eabi_attribute 25, 1
  11              		.eabi_attribute 26, 1
  12              		.eabi_attribute 30, 1
  13              		.eabi_attribute 34, 1
  14              		.eabi_attribute 18, 4
  15              		.file	"BoardManager.cpp"
  16              		.text
  17              		.align	1
  18              		.global	_ZN12BoardManagerC2Ev
  19              		.syntax unified
  20              		.thumb
  21              		.thumb_func
  23              	_ZN12BoardManagerC2Ev:
  24              		@ args = 0, pretend = 0, frame = 0
  25              		@ frame_needed = 0, uses_anonymous_args = 0
  26 0000 10B5     		push	{r4, lr}
  27 0002 0446     		mov	r4, r0
  28 0004 4FF48042 		mov	r2, #16384
  29 0008 0449     		ldr	r1, .L3
  30 000a FFF7FEFF 		bl	_ZN5IOPinC1EP12GPIO_TypeDeft
  31 000e 2146     		mov	r1, r4
  32 0010 04F10800 		add	r0, r4, #8
  33 0014 FFF7FEFF 		bl	_ZN13IOPin_wrapperC1ER5IOPin
  34 0018 2046     		mov	r0, r4
  35 001a 10BD     		pop	{r4, pc}
  36              	.L4:
  37              		.align	2
  38              	.L3:
  39 001c 00040048 		.word	1207960576
  41              		.global	_ZN12BoardManagerC1Ev
  42              		.thumb_set _ZN12BoardManagerC1Ev,_ZN12BoardManagerC2Ev
  43              		.align	1
  44              		.global	_ZN12BoardManager7executeEv
  45              		.syntax unified
  46              		.thumb
  47              		.thumb_func
  49              	_ZN12BoardManager7executeEv:
  50              		@ args = 0, pretend = 0, frame = 0
  51              		@ frame_needed = 0, uses_anonymous_args = 0
  52 0020 08B5     		push	{r3, lr}
  53 0022 0830     		adds	r0, r0, #8
  54 0024 FFF7FEFF 		bl	_ZN13IOPin_wrapper10toggle_ledEv
  55 0028 08BD     		pop	{r3, pc}
  57 002a 00BF     		.ident	"GCC: (xPack GNU Arm Embedded GCC x86_64) 15.2.1 20251203"
ARM GAS  C:\Users\aniru.000\AppData\Local\Temp\ccrTWd2F.s 			page 2


DEFINED SYMBOLS
                            *ABS*:00000000 BoardManager.cpp
C:\Users\aniru.000\AppData\Local\Temp\ccrTWd2F.s:17     .text:00000000 $t
C:\Users\aniru.000\AppData\Local\Temp\ccrTWd2F.s:23     .text:00000000 _ZN12BoardManagerC2Ev
C:\Users\aniru.000\AppData\Local\Temp\ccrTWd2F.s:39     .text:0000001c $d
C:\Users\aniru.000\AppData\Local\Temp\ccrTWd2F.s:23     .text:00000000 _ZN12BoardManagerC1Ev
C:\Users\aniru.000\AppData\Local\Temp\ccrTWd2F.s:43     .text:00000020 $t
C:\Users\aniru.000\AppData\Local\Temp\ccrTWd2F.s:49     .text:00000020 _ZN12BoardManager7executeEv

UNDEFINED SYMBOLS
_ZN5IOPinC1EP12GPIO_TypeDeft
_ZN13IOPin_wrapperC1ER5IOPin
_ZN13IOPin_wrapper10toggle_ledEv
