ARM GAS  C:\Users\aniru.000\AppData\Local\Temp\cc1vNmEI.s 			page 1


   1              		.cpu cortex-m4
   2              		.arch armv7e-m
   3              		.fpu fpv4-sp-d16
   4              		.eabi_attribute 27, 1
   5              		.eabi_attribute 28, 1
   6              		.eabi_attribute 20, 1
   7              		.eabi_attribute 21, 1
   8              		.eabi_attribute 23, 3
   9              		.eabi_attribute 24, 1
  10              		.eabi_attribute 25, 1
  11              		.eabi_attribute 26, 1
  12              		.eabi_attribute 30, 1
  13              		.eabi_attribute 34, 1
  14              		.eabi_attribute 18, 4
  15              		.file	"BoardManagerWrapper.cpp"
  16              		.text
  17              		.align	1
  18              		.global	bm_create
  19              		.syntax unified
  20              		.thumb
  21              		.thumb_func
  23              	bm_create:
  24              		@ args = 0, pretend = 0, frame = 0
  25              		@ frame_needed = 0, uses_anonymous_args = 0
  26 0000 10B5     		push	{r4, lr}
  27 0002 0C20     		movs	r0, #12
  28 0004 FFF7FEFF 		bl	_Znwj
  29 0008 0446     		mov	r4, r0
  30 000a FFF7FEFF 		bl	_ZN12BoardManagerC1Ev
  31 000e 2046     		mov	r0, r4
  32 0010 10BD     		pop	{r4, pc}
  34              		.align	1
  35              		.global	bm_execute
  36              		.syntax unified
  37              		.thumb
  38              		.thumb_func
  40              	bm_execute:
  41              		@ args = 0, pretend = 0, frame = 0
  42              		@ frame_needed = 0, uses_anonymous_args = 0
  43 0012 08B5     		push	{r3, lr}
  44 0014 FFF7FEFF 		bl	_ZN12BoardManager7executeEv
  45 0018 08BD     		pop	{r3, pc}
  47              		.ident	"GCC: (xPack GNU Arm Embedded GCC x86_64) 15.2.1 20251203"
ARM GAS  C:\Users\aniru.000\AppData\Local\Temp\cc1vNmEI.s 			page 2


DEFINED SYMBOLS
                            *ABS*:00000000 BoardManagerWrapper.cpp
C:\Users\aniru.000\AppData\Local\Temp\cc1vNmEI.s:17     .text:00000000 $t
C:\Users\aniru.000\AppData\Local\Temp\cc1vNmEI.s:23     .text:00000000 bm_create
C:\Users\aniru.000\AppData\Local\Temp\cc1vNmEI.s:40     .text:00000012 bm_execute

UNDEFINED SYMBOLS
_Znwj
_ZN12BoardManagerC1Ev
_ZN12BoardManager7executeEv
