ARM GAS  C:\Users\aniru.000\AppData\Local\Temp\ccg6KnU7.s 			page 1


   1              		.cpu cortex-m4
   2              		.arch armv7e-m
   3              		.fpu fpv4-sp-d16
   4              		.eabi_attribute 27, 1
   5              		.eabi_attribute 28, 1
   6              		.eabi_attribute 20, 1
   7              		.eabi_attribute 21, 1
   8              		.eabi_attribute 23, 3
   9              		.eabi_attribute 24, 1
  10              		.eabi_attribute 25, 1
  11              		.eabi_attribute 26, 1
  12              		.eabi_attribute 30, 1
  13              		.eabi_attribute 34, 1
  14              		.eabi_attribute 18, 4
  15              		.file	"gpio.c"
  16              		.text
  17              		.section	.text.MX_GPIO_Init,"ax",%progbits
  18              		.align	1
  19              		.global	MX_GPIO_Init
  20              		.syntax unified
  21              		.thumb
  22              		.thumb_func
  24              	MX_GPIO_Init:
  25              		@ args = 0, pretend = 0, frame = 24
  26              		@ frame_needed = 0, uses_anonymous_args = 0
  27 0000 70B5     		push	{r4, r5, r6, lr}
  28 0002 86B0     		sub	sp, sp, #24
  29 0004 01AD     		add	r5, sp, #4
  30 0006 0024     		movs	r4, #0
  31 0008 0194     		str	r4, [sp, #4]
  32 000a 0294     		str	r4, [sp, #8]
  33 000c 0394     		str	r4, [sp, #12]
  34 000e 0494     		str	r4, [sp, #16]
  35 0010 0594     		str	r4, [sp, #20]
  36 0012 0F4B     		ldr	r3, .L3
  37 0014 DA6C     		ldr	r2, [r3, #76]
  38 0016 42F00202 		orr	r2, r2, #2
  39 001a DA64     		str	r2, [r3, #76]
  40 001c DB6C     		ldr	r3, [r3, #76]
  41 001e 03F00203 		and	r3, r3, #2
  42 0022 0093     		str	r3, [sp]
  43 0024 009B     		ldr	r3, [sp]
  44 0026 0B4E     		ldr	r6, .L3+4
  45 0028 2246     		mov	r2, r4
  46 002a 4FF48041 		mov	r1, #16384
  47 002e 3046     		mov	r0, r6
  48 0030 FFF7FEFF 		bl	HAL_GPIO_WritePin
  49 0034 4FF48043 		mov	r3, #16384
  50 0038 0193     		str	r3, [sp, #4]
  51 003a 0123     		movs	r3, #1
  52 003c 0293     		str	r3, [sp, #8]
  53 003e 0394     		str	r4, [sp, #12]
  54 0040 0494     		str	r4, [sp, #16]
  55 0042 2946     		mov	r1, r5
  56 0044 3046     		mov	r0, r6
  57 0046 FFF7FEFF 		bl	HAL_GPIO_Init
  58 004a 06B0     		add	sp, sp, #24
ARM GAS  C:\Users\aniru.000\AppData\Local\Temp\ccg6KnU7.s 			page 2


  59              		@ sp needed
  60 004c 70BD     		pop	{r4, r5, r6, pc}
  61              	.L4:
  62 004e 00BF     		.align	2
  63              	.L3:
  64 0050 00100240 		.word	1073876992
  65 0054 00040048 		.word	1207960576
  67              		.ident	"GCC: (xPack GNU Arm Embedded GCC x86_64) 15.2.1 20251203"
ARM GAS  C:\Users\aniru.000\AppData\Local\Temp\ccg6KnU7.s 			page 3


DEFINED SYMBOLS
                            *ABS*:00000000 gpio.c
C:\Users\aniru.000\AppData\Local\Temp\ccg6KnU7.s:18     .text.MX_GPIO_Init:00000000 $t
C:\Users\aniru.000\AppData\Local\Temp\ccg6KnU7.s:24     .text.MX_GPIO_Init:00000000 MX_GPIO_Init
C:\Users\aniru.000\AppData\Local\Temp\ccg6KnU7.s:64     .text.MX_GPIO_Init:00000050 $d

UNDEFINED SYMBOLS
HAL_GPIO_WritePin
HAL_GPIO_Init
