ARM GAS  C:\Users\aniru.000\AppData\Local\Temp\ccvLVZMK.s 			page 1


   1              		.cpu cortex-m4
   2              		.arch armv7e-m
   3              		.fpu fpv4-sp-d16
   4              		.eabi_attribute 27, 1
   5              		.eabi_attribute 28, 1
   6              		.eabi_attribute 20, 1
   7              		.eabi_attribute 21, 1
   8              		.eabi_attribute 23, 3
   9              		.eabi_attribute 24, 1
  10              		.eabi_attribute 25, 1
  11              		.eabi_attribute 26, 1
  12              		.eabi_attribute 30, 1
  13              		.eabi_attribute 34, 1
  14              		.eabi_attribute 18, 4
  15              		.file	"IOPin.cpp"
  16              		.text
  17              		.align	1
  18              		.global	_ZN5IOPinC2EP12GPIO_TypeDeft
  19              		.syntax unified
  20              		.thumb
  21              		.thumb_func
  23              	_ZN5IOPinC2EP12GPIO_TypeDeft:
  24              		@ args = 0, pretend = 0, frame = 0
  25              		@ frame_needed = 0, uses_anonymous_args = 0
  26              		@ link register save eliminated.
  27 0000 0160     		str	r1, [r0]
  28 0002 8280     		strh	r2, [r0, #4]	@ movhi
  29 0004 7047     		bx	lr
  31              		.global	_ZN5IOPinC1EP12GPIO_TypeDeft
  32              		.thumb_set _ZN5IOPinC1EP12GPIO_TypeDeft,_ZN5IOPinC2EP12GPIO_TypeDeft
  33              		.align	1
  34              		.global	_ZN5IOPin6toggleEv
  35              		.syntax unified
  36              		.thumb
  37              		.thumb_func
  39              	_ZN5IOPin6toggleEv:
  40              		@ args = 0, pretend = 0, frame = 0
  41              		@ frame_needed = 0, uses_anonymous_args = 0
  42 0006 08B5     		push	{r3, lr}
  43 0008 8188     		ldrh	r1, [r0, #4]
  44 000a 0068     		ldr	r0, [r0]
  45 000c FFF7FEFF 		bl	HAL_GPIO_TogglePin
  46 0010 08BD     		pop	{r3, pc}
  48              		.ident	"GCC: (xPack GNU Arm Embedded GCC x86_64) 15.2.1 20251203"
ARM GAS  C:\Users\aniru.000\AppData\Local\Temp\ccvLVZMK.s 			page 2


DEFINED SYMBOLS
                            *ABS*:00000000 IOPin.cpp
C:\Users\aniru.000\AppData\Local\Temp\ccvLVZMK.s:17     .text:00000000 $t
C:\Users\aniru.000\AppData\Local\Temp\ccvLVZMK.s:23     .text:00000000 _ZN5IOPinC2EP12GPIO_TypeDeft
C:\Users\aniru.000\AppData\Local\Temp\ccvLVZMK.s:23     .text:00000000 _ZN5IOPinC1EP12GPIO_TypeDeft
C:\Users\aniru.000\AppData\Local\Temp\ccvLVZMK.s:39     .text:00000006 _ZN5IOPin6toggleEv

UNDEFINED SYMBOLS
HAL_GPIO_TogglePin
