ARM GAS  C:\Users\aniru.000\AppData\Local\Temp\ccRmnmqN.s 			page 1


   1              		.cpu cortex-m4
   2              		.arch armv7e-m
   3              		.fpu fpv4-sp-d16
   4              		.eabi_attribute 27, 1
   5              		.eabi_attribute 28, 1
   6              		.eabi_attribute 20, 1
   7              		.eabi_attribute 21, 1
   8              		.eabi_attribute 23, 3
   9              		.eabi_attribute 24, 1
  10              		.eabi_attribute 25, 1
  11              		.eabi_attribute 26, 1
  12              		.eabi_attribute 30, 1
  13              		.eabi_attribute 34, 1
  14              		.eabi_attribute 18, 4
  15              		.file	"IOPinwrapper.cpp"
  16              		.text
  17              		.align	1
  18              		.global	_ZN13IOPin_wrapperC2ER5IOPin
  19              		.syntax unified
  20              		.thumb
  21              		.thumb_func
  23              	_ZN13IOPin_wrapperC2ER5IOPin:
  24              		@ args = 0, pretend = 0, frame = 0
  25              		@ frame_needed = 0, uses_anonymous_args = 0
  26              		@ link register save eliminated.
  27 0000 0160     		str	r1, [r0]
  28 0002 7047     		bx	lr
  30              		.global	_ZN13IOPin_wrapperC1ER5IOPin
  31              		.thumb_set _ZN13IOPin_wrapperC1ER5IOPin,_ZN13IOPin_wrapperC2ER5IOPin
  32              		.align	1
  33              		.global	_ZN13IOPin_wrapper10toggle_ledEv
  34              		.syntax unified
  35              		.thumb
  36              		.thumb_func
  38              	_ZN13IOPin_wrapper10toggle_ledEv:
  39              		@ args = 0, pretend = 0, frame = 0
  40              		@ frame_needed = 0, uses_anonymous_args = 0
  41 0004 08B5     		push	{r3, lr}
  42 0006 0068     		ldr	r0, [r0]
  43 0008 FFF7FEFF 		bl	_ZN5IOPin6toggleEv
  44 000c 08BD     		pop	{r3, pc}
  46              		.ident	"GCC: (xPack GNU Arm Embedded GCC x86_64) 15.2.1 20251203"
ARM GAS  C:\Users\aniru.000\AppData\Local\Temp\ccRmnmqN.s 			page 2


DEFINED SYMBOLS
                            *ABS*:00000000 IOPinwrapper.cpp
C:\Users\aniru.000\AppData\Local\Temp\ccRmnmqN.s:17     .text:00000000 $t
C:\Users\aniru.000\AppData\Local\Temp\ccRmnmqN.s:23     .text:00000000 _ZN13IOPin_wrapperC2ER5IOPin
C:\Users\aniru.000\AppData\Local\Temp\ccRmnmqN.s:23     .text:00000000 _ZN13IOPin_wrapperC1ER5IOPin
C:\Users\aniru.000\AppData\Local\Temp\ccRmnmqN.s:38     .text:00000004 _ZN13IOPin_wrapper10toggle_ledEv

UNDEFINED SYMBOLS
_ZN5IOPin6toggleEv
