ARM GAS  C:\Users\aniru.000\AppData\Local\Temp\ccluqqhd.s 			page 1


   1              		.cpu cortex-m4
   2              		.arch armv7e-m
   3              		.fpu fpv4-sp-d16
   4              		.eabi_attribute 27, 1
   5              		.eabi_attribute 28, 1
   6              		.eabi_attribute 20, 1
   7              		.eabi_attribute 21, 1
   8              		.eabi_attribute 23, 3
   9              		.eabi_attribute 24, 1
  10              		.eabi_attribute 25, 1
  11              		.eabi_attribute 26, 1
  12              		.eabi_attribute 30, 1
  13              		.eabi_attribute 34, 1
  14              		.eabi_attribute 18, 4
  15              		.file	"stm32g4xx_hal_flash_ex.c"
  16              		.text
  17              		.section	.text.FLASH_MassErase,"ax",%progbits
  18              		.align	1
  19              		.syntax unified
  20              		.thumb
  21              		.thumb_func
  23              	FLASH_MassErase:
  24              		@ args = 0, pretend = 0, frame = 0
  25              		@ frame_needed = 0, uses_anonymous_args = 0
  26              		@ link register save eliminated.
  27 0000 10F0010F 		tst	r0, #1
  28 0004 04D0     		beq	.L2
  29 0006 054A     		ldr	r2, .L3
  30 0008 5369     		ldr	r3, [r2, #20]
  31 000a 43F00403 		orr	r3, r3, #4
  32 000e 5361     		str	r3, [r2, #20]
  33              	.L2:
  34 0010 024A     		ldr	r2, .L3
  35 0012 5369     		ldr	r3, [r2, #20]
  36 0014 43F48033 		orr	r3, r3, #65536
  37 0018 5361     		str	r3, [r2, #20]
  38 001a 7047     		bx	lr
  39              	.L4:
  40              		.align	2
  41              	.L3:
  42 001c 00200240 		.word	1073881088
  44              		.section	.text.FLASH_OB_GetSecMem,"ax",%progbits
  45              		.align	1
  46              		.syntax unified
  47              		.thumb
  48              		.thumb_func
  50              	FLASH_OB_GetSecMem:
  51              		@ args = 0, pretend = 0, frame = 0
  52              		@ frame_needed = 0, uses_anonymous_args = 0
  53              		@ link register save eliminated.
  54 0000 0128     		cmp	r0, #1
  55 0002 00D0     		beq	.L7
  56              	.L5:
  57 0004 7047     		bx	lr
  58              	.L7:
  59 0006 024B     		ldr	r3, .L8
  60 0008 1B6F     		ldr	r3, [r3, #112]
ARM GAS  C:\Users\aniru.000\AppData\Local\Temp\ccluqqhd.s 			page 2


  61 000a DBB2     		uxtb	r3, r3
  62 000c 0B60     		str	r3, [r1]
  63 000e F9E7     		b	.L5
  64              	.L9:
  65              		.align	2
  66              	.L8:
  67 0010 00200240 		.word	1073881088
  69              		.section	.text.FLASH_OB_GetBootLock,"ax",%progbits
  70              		.align	1
  71              		.syntax unified
  72              		.thumb
  73              		.thumb_func
  75              	FLASH_OB_GetBootLock:
  76              		@ args = 0, pretend = 0, frame = 0
  77              		@ frame_needed = 0, uses_anonymous_args = 0
  78              		@ link register save eliminated.
  79 0000 024B     		ldr	r3, .L11
  80 0002 186F     		ldr	r0, [r3, #112]
  81 0004 00F48030 		and	r0, r0, #65536
  82 0008 7047     		bx	lr
  83              	.L12:
  84 000a 00BF     		.align	2
  85              	.L11:
  86 000c 00200240 		.word	1073881088
  88              		.section	.text.FLASH_OB_GetWRP,"ax",%progbits
  89              		.align	1
  90              		.syntax unified
  91              		.thumb
  92              		.thumb_func
  94              	FLASH_OB_GetWRP:
  95              		@ args = 0, pretend = 0, frame = 0
  96              		@ frame_needed = 0, uses_anonymous_args = 0
  97              		@ link register save eliminated.
  98 0000 48B9     		cbnz	r0, .L14
  99 0002 0B48     		ldr	r0, .L17
 100 0004 C36A     		ldr	r3, [r0, #44]
 101 0006 03F07F03 		and	r3, r3, #127
 102 000a 0B60     		str	r3, [r1]
 103 000c C36A     		ldr	r3, [r0, #44]
 104 000e C3F30643 		ubfx	r3, r3, #16, #7
 105 0012 1360     		str	r3, [r2]
 106 0014 7047     		bx	lr
 107              	.L14:
 108 0016 0128     		cmp	r0, #1
 109 0018 00D0     		beq	.L16
 110              	.L13:
 111 001a 7047     		bx	lr
 112              	.L16:
 113 001c 0448     		ldr	r0, .L17
 114 001e 036B     		ldr	r3, [r0, #48]
 115 0020 03F07F03 		and	r3, r3, #127
 116 0024 0B60     		str	r3, [r1]
 117 0026 036B     		ldr	r3, [r0, #48]
 118 0028 C3F30643 		ubfx	r3, r3, #16, #7
 119 002c 1360     		str	r3, [r2]
 120 002e F4E7     		b	.L13
 121              	.L18:
ARM GAS  C:\Users\aniru.000\AppData\Local\Temp\ccluqqhd.s 			page 3


 122              		.align	2
 123              	.L17:
 124 0030 00200240 		.word	1073881088
 126              		.section	.text.FLASH_OB_GetRDP,"ax",%progbits
 127              		.align	1
 128              		.syntax unified
 129              		.thumb
 130              		.thumb_func
 132              	FLASH_OB_GetRDP:
 133              		@ args = 0, pretend = 0, frame = 0
 134              		@ frame_needed = 0, uses_anonymous_args = 0
 135              		@ link register save eliminated.
 136 0000 044B     		ldr	r3, .L22
 137 0002 186A     		ldr	r0, [r3, #32]
 138 0004 C0B2     		uxtb	r0, r0
 139 0006 AA28     		cmp	r0, #170
 140 0008 02D0     		beq	.L19
 141 000a CC28     		cmp	r0, #204
 142 000c 00D0     		beq	.L19
 143 000e BB20     		movs	r0, #187
 144              	.L19:
 145 0010 7047     		bx	lr
 146              	.L23:
 147 0012 00BF     		.align	2
 148              	.L22:
 149 0014 00200240 		.word	1073881088
 151              		.section	.text.FLASH_OB_GetUser,"ax",%progbits
 152              		.align	1
 153              		.syntax unified
 154              		.thumb
 155              		.thumb_func
 157              	FLASH_OB_GetUser:
 158              		@ args = 0, pretend = 0, frame = 0
 159              		@ frame_needed = 0, uses_anonymous_args = 0
 160              		@ link register save eliminated.
 161 0000 024B     		ldr	r3, .L25
 162 0002 186A     		ldr	r0, [r3, #32]
 163 0004 20F0FF00 		bic	r0, r0, #255
 164 0008 7047     		bx	lr
 165              	.L26:
 166 000a 00BF     		.align	2
 167              	.L25:
 168 000c 00200240 		.word	1073881088
 170              		.section	.text.FLASH_OB_GetPCROP,"ax",%progbits
 171              		.align	1
 172              		.syntax unified
 173              		.thumb
 174              		.thumb_func
 176              	FLASH_OB_GetPCROP:
 177              		@ args = 0, pretend = 0, frame = 0
 178              		@ frame_needed = 0, uses_anonymous_args = 0
 179 0000 00B5     		push	{lr}
 180 0002 0368     		ldr	r3, [r0]
 181 0004 13F0010F 		tst	r3, #1
 182 0008 11D0     		beq	.L28
 183 000a DFF838E0 		ldr	lr, .L30+4
 184 000e DEF824C0 		ldr	ip, [lr, #36]
ARM GAS  C:\Users\aniru.000\AppData\Local\Temp\ccluqqhd.s 			page 4


 185 0012 0B4B     		ldr	r3, .L30
 186 0014 03EACC0C 		and	ip, r3, ip, lsl #3
 187 0018 0CF1006C 		add	ip, ip, #134217728
 188 001c C1F800C0 		str	ip, [r1]
 189 0020 DEF82810 		ldr	r1, [lr, #40]
 190 0024 03EAC103 		and	r3, r3, r1, lsl #3
 191 0028 03F10063 		add	r3, r3, #134217728
 192 002c 1360     		str	r3, [r2]
 193              	.L28:
 194 002e 054B     		ldr	r3, .L30+4
 195 0030 9A6A     		ldr	r2, [r3, #40]
 196 0032 02F00042 		and	r2, r2, #-2147483648
 197 0036 0368     		ldr	r3, [r0]
 198 0038 1343     		orrs	r3, r3, r2
 199 003a 0360     		str	r3, [r0]
 200 003c 00BD     		pop	{pc}
 201              	.L31:
 202 003e 00BF     		.align	2
 203              	.L30:
 204 0040 F8FF0300 		.word	262136
 205 0044 00200240 		.word	1073881088
 207              		.section	.text.FLASH_OB_WRPConfig,"ax",%progbits
 208              		.align	1
 209              		.syntax unified
 210              		.thumb
 211              		.thumb_func
 213              	FLASH_OB_WRPConfig:
 214              		@ args = 0, pretend = 0, frame = 0
 215              		@ frame_needed = 0, uses_anonymous_args = 0
 216 0000 70B5     		push	{r4, r5, r6, lr}
 217 0002 0446     		mov	r4, r0
 218 0004 0E46     		mov	r6, r1
 219 0006 1546     		mov	r5, r2
 220 0008 4FF47A70 		mov	r0, #1000
 221 000c FFF7FEFF 		bl	FLASH_WaitForLastOperation
 222 0010 68B9     		cbnz	r0, .L33
 223 0012 6CB9     		cbnz	r4, .L34
 224 0014 46EA0542 		orr	r2, r6, r5, lsl #16
 225 0018 094B     		ldr	r3, .L37
 226 001a DA62     		str	r2, [r3, #44]
 227              	.L35:
 228 001c 084A     		ldr	r2, .L37
 229 001e 5369     		ldr	r3, [r2, #20]
 230 0020 43F40033 		orr	r3, r3, #131072
 231 0024 5361     		str	r3, [r2, #20]
 232 0026 4FF47A70 		mov	r0, #1000
 233 002a FFF7FEFF 		bl	FLASH_WaitForLastOperation
 234              	.L33:
 235 002e 70BD     		pop	{r4, r5, r6, pc}
 236              	.L34:
 237 0030 012C     		cmp	r4, #1
 238 0032 F3D1     		bne	.L35
 239 0034 46EA0541 		orr	r1, r6, r5, lsl #16
 240 0038 014B     		ldr	r3, .L37
 241 003a 1963     		str	r1, [r3, #48]
 242 003c EEE7     		b	.L35
 243              	.L38:
ARM GAS  C:\Users\aniru.000\AppData\Local\Temp\ccluqqhd.s 			page 5


 244 003e 00BF     		.align	2
 245              	.L37:
 246 0040 00200240 		.word	1073881088
 248              		.section	.text.FLASH_OB_RDPConfig,"ax",%progbits
 249              		.align	1
 250              		.syntax unified
 251              		.thumb
 252              		.thumb_func
 254              	FLASH_OB_RDPConfig:
 255              		@ args = 0, pretend = 0, frame = 0
 256              		@ frame_needed = 0, uses_anonymous_args = 0
 257 0000 10B5     		push	{r4, lr}
 258 0002 0446     		mov	r4, r0
 259 0004 4FF47A70 		mov	r0, #1000
 260 0008 FFF7FEFF 		bl	FLASH_WaitForLastOperation
 261 000c 00B1     		cbz	r0, .L42
 262              	.L40:
 263 000e 10BD     		pop	{r4, pc}
 264              	.L42:
 265 0010 074A     		ldr	r2, .L43
 266 0012 136A     		ldr	r3, [r2, #32]
 267 0014 23F0FF03 		bic	r3, r3, #255
 268 0018 2343     		orrs	r3, r3, r4
 269 001a 1362     		str	r3, [r2, #32]
 270 001c 5369     		ldr	r3, [r2, #20]
 271 001e 43F40033 		orr	r3, r3, #131072
 272 0022 5361     		str	r3, [r2, #20]
 273 0024 4FF47A70 		mov	r0, #1000
 274 0028 FFF7FEFF 		bl	FLASH_WaitForLastOperation
 275 002c EFE7     		b	.L40
 276              	.L44:
 277 002e 00BF     		.align	2
 278              	.L43:
 279 0030 00200240 		.word	1073881088
 281              		.section	.text.FLASH_OB_UserConfig,"ax",%progbits
 282              		.align	1
 283              		.syntax unified
 284              		.thumb
 285              		.thumb_func
 287              	FLASH_OB_UserConfig:
 288              		@ args = 0, pretend = 0, frame = 0
 289              		@ frame_needed = 0, uses_anonymous_args = 0
 290 0000 38B5     		push	{r3, r4, r5, lr}
 291 0002 0446     		mov	r4, r0
 292 0004 0D46     		mov	r5, r1
 293 0006 4FF47A70 		mov	r0, #1000
 294 000a FFF7FEFF 		bl	FLASH_WaitForLastOperation
 295 000e 0028     		cmp	r0, #0
 296 0010 40F08E80 		bne	.L46
 297 0014 14F48073 		ands	r3, r4, #256
 298 0018 00F08B80 		beq	.L63
 299 001c 05F48003 		and	r3, r5, #4194304
 300 0020 4FF48002 		mov	r2, #4194304
 301              	.L47:
 302 0024 14F0010F 		tst	r4, #1
 303 0028 04D0     		beq	.L48
 304 002a 05F4E061 		and	r1, r5, #1792
ARM GAS  C:\Users\aniru.000\AppData\Local\Temp\ccluqqhd.s 			page 6


 305 002e 0B43     		orrs	r3, r3, r1
 306 0030 42F4E062 		orr	r2, r2, #1792
 307              	.L48:
 308 0034 14F0020F 		tst	r4, #2
 309 0038 04D0     		beq	.L49
 310 003a 05F48051 		and	r1, r5, #4096
 311 003e 0B43     		orrs	r3, r3, r1
 312 0040 42F48052 		orr	r2, r2, #4096
 313              	.L49:
 314 0044 14F0040F 		tst	r4, #4
 315 0048 04D0     		beq	.L50
 316 004a 05F40051 		and	r1, r5, #8192
 317 004e 0B43     		orrs	r3, r3, r1
 318 0050 42F40052 		orr	r2, r2, #8192
 319              	.L50:
 320 0054 14F4805F 		tst	r4, #4096
 321 0058 04D0     		beq	.L51
 322 005a 05F48041 		and	r1, r5, #16384
 323 005e 0B43     		orrs	r3, r3, r1
 324 0060 42F48042 		orr	r2, r2, #16384
 325              	.L51:
 326 0064 14F0080F 		tst	r4, #8
 327 0068 04D0     		beq	.L52
 328 006a 05F48031 		and	r1, r5, #65536
 329 006e 0B43     		orrs	r3, r3, r1
 330 0070 42F48032 		orr	r2, r2, #65536
 331              	.L52:
 332 0074 14F0100F 		tst	r4, #16
 333 0078 04D0     		beq	.L53
 334 007a 05F40031 		and	r1, r5, #131072
 335 007e 0B43     		orrs	r3, r3, r1
 336 0080 42F40032 		orr	r2, r2, #131072
 337              	.L53:
 338 0084 14F0200F 		tst	r4, #32
 339 0088 04D0     		beq	.L54
 340 008a 05F48021 		and	r1, r5, #262144
 341 008e 0B43     		orrs	r3, r3, r1
 342 0090 42F48022 		orr	r2, r2, #262144
 343              	.L54:
 344 0094 14F0400F 		tst	r4, #64
 345 0098 04D0     		beq	.L55
 346 009a 05F40021 		and	r1, r5, #524288
 347 009e 0B43     		orrs	r3, r3, r1
 348 00a0 42F40022 		orr	r2, r2, #524288
 349              	.L55:
 350 00a4 14F4007F 		tst	r4, #512
 351 00a8 04D0     		beq	.L56
 352 00aa 05F40001 		and	r1, r5, #8388608
 353 00ae 0B43     		orrs	r3, r3, r1
 354 00b0 42F40002 		orr	r2, r2, #8388608
 355              	.L56:
 356 00b4 14F4806F 		tst	r4, #1024
 357 00b8 04D0     		beq	.L57
 358 00ba 05F08071 		and	r1, r5, #16777216
 359 00be 0B43     		orrs	r3, r3, r1
 360 00c0 42F08072 		orr	r2, r2, #16777216
 361              	.L57:
ARM GAS  C:\Users\aniru.000\AppData\Local\Temp\ccluqqhd.s 			page 7


 362 00c4 14F4006F 		tst	r4, #2048
 363 00c8 04D0     		beq	.L58
 364 00ca 05F00071 		and	r1, r5, #33554432
 365 00ce 0B43     		orrs	r3, r3, r1
 366 00d0 42F00072 		orr	r2, r2, #33554432
 367              	.L58:
 368 00d4 14F4005F 		tst	r4, #8192
 369 00d8 04D0     		beq	.L59
 370 00da 05F08061 		and	r1, r5, #67108864
 371 00de 0B43     		orrs	r3, r3, r1
 372 00e0 42F08062 		orr	r2, r2, #67108864
 373              	.L59:
 374 00e4 14F4804F 		tst	r4, #16384
 375 00e8 04D0     		beq	.L60
 376 00ea 05F00061 		and	r1, r5, #134217728
 377 00ee 0B43     		orrs	r3, r3, r1
 378 00f0 42F00062 		orr	r2, r2, #134217728
 379              	.L60:
 380 00f4 14F4004F 		tst	r4, #32768
 381 00f8 04D0     		beq	.L61
 382 00fa 05F04051 		and	r1, r5, #805306368
 383 00fe 0B43     		orrs	r3, r3, r1
 384 0100 42F04052 		orr	r2, r2, #805306368
 385              	.L61:
 386 0104 14F4803F 		tst	r4, #65536
 387 0108 04D0     		beq	.L62
 388 010a 05F08045 		and	r5, r5, #1073741824
 389 010e 2B43     		orrs	r3, r3, r5
 390 0110 42F08042 		orr	r2, r2, #1073741824
 391              	.L62:
 392 0114 0848     		ldr	r0, .L65
 393 0116 016A     		ldr	r1, [r0, #32]
 394 0118 21EA0202 		bic	r2, r1, r2
 395 011c 1343     		orrs	r3, r3, r2
 396 011e 0362     		str	r3, [r0, #32]
 397 0120 4369     		ldr	r3, [r0, #20]
 398 0122 43F40033 		orr	r3, r3, #131072
 399 0126 4361     		str	r3, [r0, #20]
 400 0128 4FF47A70 		mov	r0, #1000
 401 012c FFF7FEFF 		bl	FLASH_WaitForLastOperation
 402              	.L46:
 403 0130 38BD     		pop	{r3, r4, r5, pc}
 404              	.L63:
 405 0132 1A46     		mov	r2, r3
 406 0134 76E7     		b	.L47
 407              	.L66:
 408 0136 00BF     		.align	2
 409              	.L65:
 410 0138 00200240 		.word	1073881088
 412              		.section	.text.FLASH_OB_PCROPConfig,"ax",%progbits
 413              		.align	1
 414              		.syntax unified
 415              		.thumb
 416              		.thumb_func
 418              	FLASH_OB_PCROPConfig:
 419              		@ args = 0, pretend = 0, frame = 0
 420              		@ frame_needed = 0, uses_anonymous_args = 0
ARM GAS  C:\Users\aniru.000\AppData\Local\Temp\ccluqqhd.s 			page 8


 421 0000 70B5     		push	{r4, r5, r6, lr}
 422 0002 0446     		mov	r4, r0
 423 0004 0E46     		mov	r6, r1
 424 0006 1546     		mov	r5, r2
 425 0008 4FF47A70 		mov	r0, #1000
 426 000c FFF7FEFF 		bl	FLASH_WaitForLastOperation
 427 0010 18BB     		cbnz	r0, .L68
 428 0012 14F0010F 		tst	r4, #1
 429 0016 10D0     		beq	.L69
 430 0018 06F17841 		add	r1, r6, #-134217728
 431 001c 0F48     		ldr	r0, .L71
 432 001e 436A     		ldr	r3, [r0, #36]
 433 0020 6FF30E03 		bfc	r3, #0, #15
 434 0024 43EAD103 		orr	r3, r3, r1, lsr #3
 435 0028 4362     		str	r3, [r0, #36]
 436 002a 05F17842 		add	r2, r5, #-134217728
 437 002e 836A     		ldr	r3, [r0, #40]
 438 0030 6FF30E03 		bfc	r3, #0, #15
 439 0034 43EAD203 		orr	r3, r3, r2, lsr #3
 440 0038 8362     		str	r3, [r0, #40]
 441              	.L69:
 442 003a 0849     		ldr	r1, .L71
 443 003c 8B6A     		ldr	r3, [r1, #40]
 444 003e 23F00043 		bic	r3, r3, #-2147483648
 445 0042 04F00042 		and	r2, r4, #-2147483648
 446 0046 1343     		orrs	r3, r3, r2
 447 0048 8B62     		str	r3, [r1, #40]
 448 004a 4B69     		ldr	r3, [r1, #20]
 449 004c 43F40033 		orr	r3, r3, #131072
 450 0050 4B61     		str	r3, [r1, #20]
 451 0052 4FF47A70 		mov	r0, #1000
 452 0056 FFF7FEFF 		bl	FLASH_WaitForLastOperation
 453              	.L68:
 454 005a 70BD     		pop	{r4, r5, r6, pc}
 455              	.L72:
 456              		.align	2
 457              	.L71:
 458 005c 00200240 		.word	1073881088
 460              		.section	.text.FLASH_OB_SecMemConfig,"ax",%progbits
 461              		.align	1
 462              		.syntax unified
 463              		.thumb
 464              		.thumb_func
 466              	FLASH_OB_SecMemConfig:
 467              		@ args = 0, pretend = 0, frame = 0
 468              		@ frame_needed = 0, uses_anonymous_args = 0
 469 0000 38B5     		push	{r3, r4, r5, lr}
 470 0002 0446     		mov	r4, r0
 471 0004 0D46     		mov	r5, r1
 472 0006 4FF47A70 		mov	r0, #1000
 473 000a FFF7FEFF 		bl	FLASH_WaitForLastOperation
 474 000e 50B9     		cbnz	r0, .L74
 475 0010 012C     		cmp	r4, #1
 476 0012 09D0     		beq	.L77
 477              	.L75:
 478 0014 084A     		ldr	r2, .L78
 479 0016 5369     		ldr	r3, [r2, #20]
ARM GAS  C:\Users\aniru.000\AppData\Local\Temp\ccluqqhd.s 			page 9


 480 0018 43F40033 		orr	r3, r3, #131072
 481 001c 5361     		str	r3, [r2, #20]
 482 001e 4FF47A70 		mov	r0, #1000
 483 0022 FFF7FEFF 		bl	FLASH_WaitForLastOperation
 484              	.L74:
 485 0026 38BD     		pop	{r3, r4, r5, pc}
 486              	.L77:
 487 0028 034A     		ldr	r2, .L78
 488 002a 136F     		ldr	r3, [r2, #112]
 489 002c 23F0FF03 		bic	r3, r3, #255
 490 0030 2B43     		orrs	r3, r3, r5
 491 0032 1367     		str	r3, [r2, #112]
 492 0034 EEE7     		b	.L75
 493              	.L79:
 494 0036 00BF     		.align	2
 495              	.L78:
 496 0038 00200240 		.word	1073881088
 498              		.section	.text.FLASH_OB_BootLockConfig,"ax",%progbits
 499              		.align	1
 500              		.syntax unified
 501              		.thumb
 502              		.thumb_func
 504              	FLASH_OB_BootLockConfig:
 505              		@ args = 0, pretend = 0, frame = 0
 506              		@ frame_needed = 0, uses_anonymous_args = 0
 507 0000 10B5     		push	{r4, lr}
 508 0002 0446     		mov	r4, r0
 509 0004 4FF47A70 		mov	r0, #1000
 510 0008 FFF7FEFF 		bl	FLASH_WaitForLastOperation
 511 000c 00B1     		cbz	r0, .L83
 512              	.L81:
 513 000e 10BD     		pop	{r4, pc}
 514              	.L83:
 515 0010 074A     		ldr	r2, .L84
 516 0012 136F     		ldr	r3, [r2, #112]
 517 0014 23F48033 		bic	r3, r3, #65536
 518 0018 2343     		orrs	r3, r3, r4
 519 001a 1367     		str	r3, [r2, #112]
 520 001c 5369     		ldr	r3, [r2, #20]
 521 001e 43F40033 		orr	r3, r3, #131072
 522 0022 5361     		str	r3, [r2, #20]
 523 0024 4FF47A70 		mov	r0, #1000
 524 0028 FFF7FEFF 		bl	FLASH_WaitForLastOperation
 525 002c EFE7     		b	.L81
 526              	.L85:
 527 002e 00BF     		.align	2
 528              	.L84:
 529 0030 00200240 		.word	1073881088
 531              		.section	.text.HAL_FLASHEx_OBProgram,"ax",%progbits
 532              		.align	1
 533              		.global	HAL_FLASHEx_OBProgram
 534              		.syntax unified
 535              		.thumb
 536              		.thumb_func
 538              	HAL_FLASHEx_OBProgram:
 539              		@ args = 0, pretend = 0, frame = 0
 540              		@ frame_needed = 0, uses_anonymous_args = 0
ARM GAS  C:\Users\aniru.000\AppData\Local\Temp\ccluqqhd.s 			page 10


 541 0000 38B5     		push	{r3, r4, r5, lr}
 542 0002 324B     		ldr	r3, .L109
 543 0004 1B78     		ldrb	r3, [r3]	@ zero_extendqisi2
 544 0006 012B     		cmp	r3, #1
 545 0008 5DD0     		beq	.L94
 546 000a 0446     		mov	r4, r0
 547 000c 2F4B     		ldr	r3, .L109
 548 000e 0122     		movs	r2, #1
 549 0010 1A70     		strb	r2, [r3]
 550 0012 0022     		movs	r2, #0
 551 0014 5A60     		str	r2, [r3, #4]
 552 0016 0368     		ldr	r3, [r0]
 553 0018 13F0010F 		tst	r3, #1
 554 001c 1ED1     		bne	.L103
 555 001e 0023     		movs	r3, #0
 556 0020 1D46     		mov	r5, r3
 557              	.L88:
 558 0022 2368     		ldr	r3, [r4]
 559 0024 13F0020F 		tst	r3, #2
 560 0028 23D1     		bne	.L104
 561              	.L89:
 562 002a 2368     		ldr	r3, [r4]
 563 002c 13F0040F 		tst	r3, #4
 564 0030 27D1     		bne	.L105
 565              	.L90:
 566 0032 2368     		ldr	r3, [r4]
 567 0034 13F0080F 		tst	r3, #8
 568 0038 03D0     		beq	.L91
 569 003a 216A     		ldr	r1, [r4, #32]
 570 003c 626A     		ldr	r2, [r4, #36]
 571 003e 9142     		cmp	r1, r2
 572 0040 28D1     		bne	.L106
 573              	.L91:
 574 0042 2368     		ldr	r3, [r4]
 575 0044 13F0200F 		tst	r3, #32
 576 0048 2CD1     		bne	.L107
 577              	.L92:
 578 004a 2368     		ldr	r3, [r4]
 579 004c 13F0100F 		tst	r3, #16
 580 0050 31D1     		bne	.L108
 581              	.L93:
 582 0052 1E4B     		ldr	r3, .L109
 583 0054 0022     		movs	r2, #0
 584 0056 1A70     		strb	r2, [r3]
 585              	.L87:
 586 0058 2846     		mov	r0, r5
 587 005a 38BD     		pop	{r3, r4, r5, pc}
 588              	.L103:
 589 005c C268     		ldr	r2, [r0, #12]
 590 005e 8168     		ldr	r1, [r0, #8]
 591 0060 4068     		ldr	r0, [r0, #4]
 592 0062 FFF7FEFF 		bl	FLASH_OB_WRPConfig
 593 0066 0546     		mov	r5, r0
 594 0068 0028     		cmp	r0, #0
 595 006a DAD0     		beq	.L88
 596 006c 0123     		movs	r3, #1
 597 006e 1D46     		mov	r5, r3
ARM GAS  C:\Users\aniru.000\AppData\Local\Temp\ccluqqhd.s 			page 11


 598 0070 D7E7     		b	.L88
 599              	.L104:
 600 0072 2069     		ldr	r0, [r4, #16]
 601 0074 FFF7FEFF 		bl	FLASH_OB_RDPConfig
 602 0078 0028     		cmp	r0, #0
 603 007a D6D0     		beq	.L89
 604 007c 0123     		movs	r3, #1
 605 007e 1D46     		mov	r5, r3
 606 0080 D3E7     		b	.L89
 607              	.L105:
 608 0082 A169     		ldr	r1, [r4, #24]
 609 0084 6069     		ldr	r0, [r4, #20]
 610 0086 FFF7FEFF 		bl	FLASH_OB_UserConfig
 611 008a 0028     		cmp	r0, #0
 612 008c D1D0     		beq	.L90
 613 008e 0123     		movs	r3, #1
 614 0090 1D46     		mov	r5, r3
 615 0092 CEE7     		b	.L90
 616              	.L106:
 617 0094 E069     		ldr	r0, [r4, #28]
 618 0096 FFF7FEFF 		bl	FLASH_OB_PCROPConfig
 619 009a 0028     		cmp	r0, #0
 620 009c D1D0     		beq	.L91
 621 009e 0123     		movs	r3, #1
 622 00a0 1D46     		mov	r5, r3
 623 00a2 CEE7     		b	.L91
 624              	.L107:
 625 00a4 216B     		ldr	r1, [r4, #48]
 626 00a6 E06A     		ldr	r0, [r4, #44]
 627 00a8 FFF7FEFF 		bl	FLASH_OB_SecMemConfig
 628 00ac 0028     		cmp	r0, #0
 629 00ae CCD0     		beq	.L92
 630 00b0 0123     		movs	r3, #1
 631 00b2 1D46     		mov	r5, r3
 632 00b4 C9E7     		b	.L92
 633              	.L108:
 634 00b6 A06A     		ldr	r0, [r4, #40]
 635 00b8 FFF7FEFF 		bl	FLASH_OB_BootLockConfig
 636 00bc 0028     		cmp	r0, #0
 637 00be C8D0     		beq	.L93
 638 00c0 0123     		movs	r3, #1
 639 00c2 1D46     		mov	r5, r3
 640 00c4 C5E7     		b	.L93
 641              	.L94:
 642 00c6 0223     		movs	r3, #2
 643 00c8 1D46     		mov	r5, r3
 644 00ca C5E7     		b	.L87
 645              	.L110:
 646              		.align	2
 647              	.L109:
 648 00cc 00000000 		.word	pFlash
 650              		.section	.text.HAL_FLASHEx_OBGetConfig,"ax",%progbits
 651              		.align	1
 652              		.global	HAL_FLASHEx_OBGetConfig
 653              		.syntax unified
 654              		.thumb
 655              		.thumb_func
ARM GAS  C:\Users\aniru.000\AppData\Local\Temp\ccluqqhd.s 			page 12


 657              	HAL_FLASHEx_OBGetConfig:
 658              		@ args = 0, pretend = 0, frame = 0
 659              		@ frame_needed = 0, uses_anonymous_args = 0
 660 0000 10B5     		push	{r4, lr}
 661 0002 0446     		mov	r4, r0
 662 0004 0623     		movs	r3, #6
 663 0006 0360     		str	r3, [r0]
 664 0008 4068     		ldr	r0, [r0, #4]
 665 000a 0128     		cmp	r0, #1
 666 000c 13D9     		bls	.L116
 667              	.L112:
 668 000e FFF7FEFF 		bl	FLASH_OB_GetRDP
 669 0012 2061     		str	r0, [r4, #16]
 670 0014 FFF7FEFF 		bl	FLASH_OB_GetUser
 671 0018 A061     		str	r0, [r4, #24]
 672 001a E369     		ldr	r3, [r4, #28]
 673 001c 012B     		cmp	r3, #1
 674 001e 13D0     		beq	.L117
 675              	.L113:
 676 0020 2368     		ldr	r3, [r4]
 677 0022 43F01003 		orr	r3, r3, #16
 678 0026 2360     		str	r3, [r4]
 679 0028 FFF7FEFF 		bl	FLASH_OB_GetBootLock
 680 002c A062     		str	r0, [r4, #40]
 681 002e E06A     		ldr	r0, [r4, #44]
 682 0030 0128     		cmp	r0, #1
 683 0032 16D0     		beq	.L118
 684              	.L111:
 685 0034 10BD     		pop	{r4, pc}
 686              	.L116:
 687 0036 2246     		mov	r2, r4
 688 0038 0723     		movs	r3, #7
 689 003a 42F80C3B 		str	r3, [r2], #12
 690 003e 04F10801 		add	r1, r4, #8
 691 0042 FFF7FEFF 		bl	FLASH_OB_GetWRP
 692 0046 E2E7     		b	.L112
 693              	.L117:
 694 0048 2368     		ldr	r3, [r4]
 695 004a 43F00803 		orr	r3, r3, #8
 696 004e 2246     		mov	r2, r4
 697 0050 42F8243B 		str	r3, [r2], #36
 698 0054 04F12001 		add	r1, r4, #32
 699 0058 04F11C00 		add	r0, r4, #28
 700 005c FFF7FEFF 		bl	FLASH_OB_GetPCROP
 701 0060 DEE7     		b	.L113
 702              	.L118:
 703 0062 2368     		ldr	r3, [r4]
 704 0064 43F02003 		orr	r3, r3, #32
 705 0068 2146     		mov	r1, r4
 706 006a 41F8303B 		str	r3, [r1], #48
 707 006e FFF7FEFF 		bl	FLASH_OB_GetSecMem
 708 0072 DFE7     		b	.L111
 710              		.section	.text.HAL_FLASHEx_EnableSecMemProtection,"ax",%progbits
 711              		.align	1
 712              		.global	HAL_FLASHEx_EnableSecMemProtection
 713              		.syntax unified
 714              		.thumb
ARM GAS  C:\Users\aniru.000\AppData\Local\Temp\ccluqqhd.s 			page 13


 715              		.thumb_func
 717              	HAL_FLASHEx_EnableSecMemProtection:
 718              		@ args = 0, pretend = 0, frame = 0
 719              		@ frame_needed = 0, uses_anonymous_args = 0
 720              		@ link register save eliminated.
 721 0000 034A     		ldr	r2, .L120
 722 0002 5369     		ldr	r3, [r2, #20]
 723 0004 43F08053 		orr	r3, r3, #268435456
 724 0008 5361     		str	r3, [r2, #20]
 725 000a 0020     		movs	r0, #0
 726 000c 7047     		bx	lr
 727              	.L121:
 728 000e 00BF     		.align	2
 729              	.L120:
 730 0010 00200240 		.word	1073881088
 732              		.section	.text.HAL_FLASHEx_EnableDebugger,"ax",%progbits
 733              		.align	1
 734              		.global	HAL_FLASHEx_EnableDebugger
 735              		.syntax unified
 736              		.thumb
 737              		.thumb_func
 739              	HAL_FLASHEx_EnableDebugger:
 740              		@ args = 0, pretend = 0, frame = 0
 741              		@ frame_needed = 0, uses_anonymous_args = 0
 742              		@ link register save eliminated.
 743 0000 024A     		ldr	r2, .L123
 744 0002 1368     		ldr	r3, [r2]
 745 0004 43F48023 		orr	r3, r3, #262144
 746 0008 1360     		str	r3, [r2]
 747 000a 7047     		bx	lr
 748              	.L124:
 749              		.align	2
 750              	.L123:
 751 000c 00200240 		.word	1073881088
 753              		.section	.text.HAL_FLASHEx_DisableDebugger,"ax",%progbits
 754              		.align	1
 755              		.global	HAL_FLASHEx_DisableDebugger
 756              		.syntax unified
 757              		.thumb
 758              		.thumb_func
 760              	HAL_FLASHEx_DisableDebugger:
 761              		@ args = 0, pretend = 0, frame = 0
 762              		@ frame_needed = 0, uses_anonymous_args = 0
 763              		@ link register save eliminated.
 764 0000 024A     		ldr	r2, .L126
 765 0002 1368     		ldr	r3, [r2]
 766 0004 23F48023 		bic	r3, r3, #262144
 767 0008 1360     		str	r3, [r2]
 768 000a 7047     		bx	lr
 769              	.L127:
 770              		.align	2
 771              	.L126:
 772 000c 00200240 		.word	1073881088
 774              		.section	.text.FLASH_PageErase,"ax",%progbits
 775              		.align	1
 776              		.global	FLASH_PageErase
 777              		.syntax unified
ARM GAS  C:\Users\aniru.000\AppData\Local\Temp\ccluqqhd.s 			page 14


 778              		.thumb
 779              		.thumb_func
 781              	FLASH_PageErase:
 782              		@ args = 0, pretend = 0, frame = 0
 783              		@ frame_needed = 0, uses_anonymous_args = 0
 784              		@ link register save eliminated.
 785 0000 084B     		ldr	r3, .L129
 786 0002 5A69     		ldr	r2, [r3, #20]
 787 0004 22F4FF62 		bic	r2, r2, #2040
 788 0008 C000     		lsls	r0, r0, #3
 789 000a 00F4FF60 		and	r0, r0, #2040
 790 000e 0243     		orrs	r2, r2, r0
 791 0010 5A61     		str	r2, [r3, #20]
 792 0012 5A69     		ldr	r2, [r3, #20]
 793 0014 42F00202 		orr	r2, r2, #2
 794 0018 5A61     		str	r2, [r3, #20]
 795 001a 5A69     		ldr	r2, [r3, #20]
 796 001c 42F48032 		orr	r2, r2, #65536
 797 0020 5A61     		str	r2, [r3, #20]
 798 0022 7047     		bx	lr
 799              	.L130:
 800              		.align	2
 801              	.L129:
 802 0024 00200240 		.word	1073881088
 804              		.section	.text.HAL_FLASHEx_Erase_IT,"ax",%progbits
 805              		.align	1
 806              		.global	HAL_FLASHEx_Erase_IT
 807              		.syntax unified
 808              		.thumb
 809              		.thumb_func
 811              	HAL_FLASHEx_Erase_IT:
 812              		@ args = 0, pretend = 0, frame = 0
 813              		@ frame_needed = 0, uses_anonymous_args = 0
 814 0000 08B5     		push	{r3, lr}
 815 0002 294B     		ldr	r3, .L141
 816 0004 1B78     		ldrb	r3, [r3]	@ zero_extendqisi2
 817 0006 012B     		cmp	r3, #1
 818 0008 4CD0     		beq	.L138
 819 000a 274B     		ldr	r3, .L141
 820 000c 0122     		movs	r2, #1
 821 000e 1A70     		strb	r2, [r3]
 822 0010 0022     		movs	r2, #0
 823 0012 5A60     		str	r2, [r3, #4]
 824 0014 254B     		ldr	r3, .L141+4
 825 0016 1B68     		ldr	r3, [r3]
 826 0018 13F4007F 		tst	r3, #512
 827 001c 28D0     		beq	.L133
 828 001e 234B     		ldr	r3, .L141+4
 829 0020 1B68     		ldr	r3, [r3]
 830 0022 13F4806F 		tst	r3, #1024
 831 0026 1FD0     		beq	.L134
 832 0028 204A     		ldr	r2, .L141+4
 833 002a 1368     		ldr	r3, [r2]
 834 002c 23F48063 		bic	r3, r3, #1024
 835 0030 1360     		str	r3, [r2]
 836 0032 1D4B     		ldr	r3, .L141
 837 0034 0322     		movs	r2, #3
ARM GAS  C:\Users\aniru.000\AppData\Local\Temp\ccluqqhd.s 			page 15


 838 0036 1A77     		strb	r2, [r3, #28]
 839              	.L135:
 840 0038 1C4A     		ldr	r2, .L141+4
 841 003a 5369     		ldr	r3, [r2, #20]
 842 003c 43F04073 		orr	r3, r3, #50331648
 843 0040 5361     		str	r3, [r2, #20]
 844 0042 4268     		ldr	r2, [r0, #4]
 845 0044 184B     		ldr	r3, .L141
 846 0046 1A61     		str	r2, [r3, #16]
 847 0048 0368     		ldr	r3, [r0]
 848 004a 012B     		cmp	r3, #1
 849 004c 22D0     		beq	.L140
 850 004e 164B     		ldr	r3, .L141
 851 0050 0122     		movs	r2, #1
 852 0052 1A72     		strb	r2, [r3, #8]
 853 0054 C268     		ldr	r2, [r0, #12]
 854 0056 9A61     		str	r2, [r3, #24]
 855 0058 8268     		ldr	r2, [r0, #8]
 856 005a 5A61     		str	r2, [r3, #20]
 857 005c 4168     		ldr	r1, [r0, #4]
 858 005e 8068     		ldr	r0, [r0, #8]
 859 0060 FFF7FEFF 		bl	FLASH_PageErase
 860 0064 0020     		movs	r0, #0
 861              	.L132:
 862 0066 08BD     		pop	{r3, pc}
 863              	.L134:
 864 0068 0F4B     		ldr	r3, .L141
 865 006a 0122     		movs	r2, #1
 866 006c 1A77     		strb	r2, [r3, #28]
 867 006e E3E7     		b	.L135
 868              	.L133:
 869 0070 0E4B     		ldr	r3, .L141+4
 870 0072 1B68     		ldr	r3, [r3]
 871 0074 13F4806F 		tst	r3, #1024
 872 0078 08D0     		beq	.L136
 873 007a 0C4A     		ldr	r2, .L141+4
 874 007c 1368     		ldr	r3, [r2]
 875 007e 23F48063 		bic	r3, r3, #1024
 876 0082 1360     		str	r3, [r2]
 877 0084 084B     		ldr	r3, .L141
 878 0086 0222     		movs	r2, #2
 879 0088 1A77     		strb	r2, [r3, #28]
 880 008a D5E7     		b	.L135
 881              	.L136:
 882 008c 064B     		ldr	r3, .L141
 883 008e 0022     		movs	r2, #0
 884 0090 1A77     		strb	r2, [r3, #28]
 885 0092 D1E7     		b	.L135
 886              	.L140:
 887 0094 044B     		ldr	r3, .L141
 888 0096 0222     		movs	r2, #2
 889 0098 1A72     		strb	r2, [r3, #8]
 890 009a 4068     		ldr	r0, [r0, #4]
 891 009c FFF7FEFF 		bl	FLASH_MassErase
 892 00a0 0020     		movs	r0, #0
 893 00a2 E0E7     		b	.L132
 894              	.L138:
ARM GAS  C:\Users\aniru.000\AppData\Local\Temp\ccluqqhd.s 			page 16


 895 00a4 0220     		movs	r0, #2
 896 00a6 DEE7     		b	.L132
 897              	.L142:
 898              		.align	2
 899              	.L141:
 900 00a8 00000000 		.word	pFlash
 901 00ac 00200240 		.word	1073881088
 903              		.section	.text.FLASH_FlushCaches,"ax",%progbits
 904              		.align	1
 905              		.global	FLASH_FlushCaches
 906              		.syntax unified
 907              		.thumb
 908              		.thumb_func
 910              	FLASH_FlushCaches:
 911              		@ args = 0, pretend = 0, frame = 0
 912              		@ frame_needed = 0, uses_anonymous_args = 0
 913              		@ link register save eliminated.
 914 0000 164B     		ldr	r3, .L148
 915 0002 1A7F     		ldrb	r2, [r3, #28]	@ zero_extendqisi2
 916 0004 D3B2     		uxtb	r3, r2
 917 0006 012A     		cmp	r2, #1
 918 0008 01D0     		beq	.L144
 919 000a 032B     		cmp	r3, #3
 920 000c 10D1     		bne	.L145
 921              	.L144:
 922 000e 144A     		ldr	r2, .L148+4
 923 0010 1168     		ldr	r1, [r2]
 924 0012 21F40071 		bic	r1, r1, #512
 925 0016 1160     		str	r1, [r2]
 926 0018 1168     		ldr	r1, [r2]
 927 001a 41F40061 		orr	r1, r1, #2048
 928 001e 1160     		str	r1, [r2]
 929 0020 1168     		ldr	r1, [r2]
 930 0022 21F40061 		bic	r1, r1, #2048
 931 0026 1160     		str	r1, [r2]
 932 0028 1168     		ldr	r1, [r2]
 933 002a 41F40071 		orr	r1, r1, #512
 934 002e 1160     		str	r1, [r2]
 935              	.L145:
 936 0030 023B     		subs	r3, r3, #2
 937 0032 DBB2     		uxtb	r3, r3
 938 0034 012B     		cmp	r3, #1
 939 0036 03D9     		bls	.L147
 940              	.L146:
 941 0038 084B     		ldr	r3, .L148
 942 003a 0022     		movs	r2, #0
 943 003c 1A77     		strb	r2, [r3, #28]
 944 003e 7047     		bx	lr
 945              	.L147:
 946 0040 074B     		ldr	r3, .L148+4
 947 0042 1A68     		ldr	r2, [r3]
 948 0044 42F48052 		orr	r2, r2, #4096
 949 0048 1A60     		str	r2, [r3]
 950 004a 1A68     		ldr	r2, [r3]
 951 004c 22F48052 		bic	r2, r2, #4096
 952 0050 1A60     		str	r2, [r3]
 953 0052 1A68     		ldr	r2, [r3]
ARM GAS  C:\Users\aniru.000\AppData\Local\Temp\ccluqqhd.s 			page 17


 954 0054 42F48062 		orr	r2, r2, #1024
 955 0058 1A60     		str	r2, [r3]
 956 005a EDE7     		b	.L146
 957              	.L149:
 958              		.align	2
 959              	.L148:
 960 005c 00000000 		.word	pFlash
 961 0060 00200240 		.word	1073881088
 963              		.section	.text.HAL_FLASHEx_Erase,"ax",%progbits
 964              		.align	1
 965              		.global	HAL_FLASHEx_Erase
 966              		.syntax unified
 967              		.thumb
 968              		.thumb_func
 970              	HAL_FLASHEx_Erase:
 971              		@ args = 0, pretend = 0, frame = 0
 972              		@ frame_needed = 0, uses_anonymous_args = 0
 973 0000 F8B5     		push	{r3, r4, r5, r6, r7, lr}
 974 0002 394B     		ldr	r3, .L166
 975 0004 1B78     		ldrb	r3, [r3]	@ zero_extendqisi2
 976 0006 012B     		cmp	r3, #1
 977 0008 6AD0     		beq	.L162
 978 000a 0446     		mov	r4, r0
 979 000c 0F46     		mov	r7, r1
 980 000e 364B     		ldr	r3, .L166
 981 0010 0122     		movs	r2, #1
 982 0012 1A70     		strb	r2, [r3]
 983 0014 4FF47A70 		mov	r0, #1000
 984 0018 FFF7FEFF 		bl	FLASH_WaitForLastOperation
 985 001c 0646     		mov	r6, r0
 986 001e 0028     		cmp	r0, #0
 987 0020 59D1     		bne	.L152
 988 0022 314B     		ldr	r3, .L166
 989 0024 5860     		str	r0, [r3, #4]
 990 0026 314B     		ldr	r3, .L166+4
 991 0028 1B68     		ldr	r3, [r3]
 992 002a 13F4007F 		tst	r3, #512
 993 002e 2FD0     		beq	.L153
 994 0030 2E4B     		ldr	r3, .L166+4
 995 0032 1B68     		ldr	r3, [r3]
 996 0034 13F4806F 		tst	r3, #1024
 997 0038 26D0     		beq	.L154
 998 003a 2C4A     		ldr	r2, .L166+4
 999 003c 1368     		ldr	r3, [r2]
 1000 003e 23F48063 		bic	r3, r3, #1024
 1001 0042 1360     		str	r3, [r2]
 1002 0044 284B     		ldr	r3, .L166
 1003 0046 0322     		movs	r2, #3
 1004 0048 1A77     		strb	r2, [r3, #28]
 1005              	.L155:
 1006 004a 2368     		ldr	r3, [r4]
 1007 004c 012B     		cmp	r3, #1
 1008 004e 31D0     		beq	.L164
 1009 0050 4FF0FF33 		mov	r3, #-1
 1010 0054 3B60     		str	r3, [r7]
 1011 0056 A568     		ldr	r5, [r4, #8]
 1012              	.L159:
ARM GAS  C:\Users\aniru.000\AppData\Local\Temp\ccluqqhd.s 			page 18


 1013 0058 A368     		ldr	r3, [r4, #8]
 1014 005a E268     		ldr	r2, [r4, #12]
 1015 005c 1344     		add	r3, r3, r2
 1016 005e AB42     		cmp	r3, r5
 1017 0060 37D9     		bls	.L158
 1018 0062 6168     		ldr	r1, [r4, #4]
 1019 0064 2846     		mov	r0, r5
 1020 0066 FFF7FEFF 		bl	FLASH_PageErase
 1021 006a 4FF47A70 		mov	r0, #1000
 1022 006e FFF7FEFF 		bl	FLASH_WaitForLastOperation
 1023 0072 1E4A     		ldr	r2, .L166+4
 1024 0074 5369     		ldr	r3, [r2, #20]
 1025 0076 23F4FF63 		bic	r3, r3, #2040
 1026 007a 23F00203 		bic	r3, r3, #2
 1027 007e 5361     		str	r3, [r2, #20]
 1028 0080 0646     		mov	r6, r0
 1029 0082 28BB     		cbnz	r0, .L165
 1030 0084 0135     		adds	r5, r5, #1
 1031 0086 E7E7     		b	.L159
 1032              	.L154:
 1033 0088 174B     		ldr	r3, .L166
 1034 008a 0122     		movs	r2, #1
 1035 008c 1A77     		strb	r2, [r3, #28]
 1036 008e DCE7     		b	.L155
 1037              	.L153:
 1038 0090 164B     		ldr	r3, .L166+4
 1039 0092 1B68     		ldr	r3, [r3]
 1040 0094 13F4806F 		tst	r3, #1024
 1041 0098 08D0     		beq	.L156
 1042 009a 144A     		ldr	r2, .L166+4
 1043 009c 1368     		ldr	r3, [r2]
 1044 009e 23F48063 		bic	r3, r3, #1024
 1045 00a2 1360     		str	r3, [r2]
 1046 00a4 104B     		ldr	r3, .L166
 1047 00a6 0222     		movs	r2, #2
 1048 00a8 1A77     		strb	r2, [r3, #28]
 1049 00aa CEE7     		b	.L155
 1050              	.L156:
 1051 00ac 0E4B     		ldr	r3, .L166
 1052 00ae 0022     		movs	r2, #0
 1053 00b0 1A77     		strb	r2, [r3, #28]
 1054 00b2 CAE7     		b	.L155
 1055              	.L164:
 1056 00b4 6068     		ldr	r0, [r4, #4]
 1057 00b6 FFF7FEFF 		bl	FLASH_MassErase
 1058 00ba 4FF47A70 		mov	r0, #1000
 1059 00be FFF7FEFF 		bl	FLASH_WaitForLastOperation
 1060 00c2 0646     		mov	r6, r0
 1061 00c4 094A     		ldr	r2, .L166+4
 1062 00c6 5369     		ldr	r3, [r2, #20]
 1063 00c8 23F00403 		bic	r3, r3, #4
 1064 00cc 5361     		str	r3, [r2, #20]
 1065 00ce 00E0     		b	.L158
 1066              	.L165:
 1067 00d0 3D60     		str	r5, [r7]
 1068              	.L158:
 1069 00d2 FFF7FEFF 		bl	FLASH_FlushCaches
ARM GAS  C:\Users\aniru.000\AppData\Local\Temp\ccluqqhd.s 			page 19


 1070              	.L152:
 1071 00d6 044B     		ldr	r3, .L166
 1072 00d8 0022     		movs	r2, #0
 1073 00da 1A70     		strb	r2, [r3]
 1074              	.L151:
 1075 00dc 3046     		mov	r0, r6
 1076 00de F8BD     		pop	{r3, r4, r5, r6, r7, pc}
 1077              	.L162:
 1078 00e0 0223     		movs	r3, #2
 1079 00e2 1E46     		mov	r6, r3
 1080 00e4 FAE7     		b	.L151
 1081              	.L167:
 1082 00e6 00BF     		.align	2
 1083              	.L166:
 1084 00e8 00000000 		.word	pFlash
 1085 00ec 00200240 		.word	1073881088
 1087              		.ident	"GCC: (xPack GNU Arm Embedded GCC x86_64) 15.2.1 20251203"
ARM GAS  C:\Users\aniru.000\AppData\Local\Temp\ccluqqhd.s 			page 20


DEFINED SYMBOLS
                            *ABS*:00000000 stm32g4xx_hal_flash_ex.c
C:\Users\aniru.000\AppData\Local\Temp\ccluqqhd.s:18     .text.FLASH_MassErase:00000000 $t
C:\Users\aniru.000\AppData\Local\Temp\ccluqqhd.s:23     .text.FLASH_MassErase:00000000 FLASH_MassErase
C:\Users\aniru.000\AppData\Local\Temp\ccluqqhd.s:42     .text.FLASH_MassErase:0000001c $d
C:\Users\aniru.000\AppData\Local\Temp\ccluqqhd.s:45     .text.FLASH_OB_GetSecMem:00000000 $t
C:\Users\aniru.000\AppData\Local\Temp\ccluqqhd.s:50     .text.FLASH_OB_GetSecMem:00000000 FLASH_OB_GetSecMem
C:\Users\aniru.000\AppData\Local\Temp\ccluqqhd.s:67     .text.FLASH_OB_GetSecMem:00000010 $d
C:\Users\aniru.000\AppData\Local\Temp\ccluqqhd.s:70     .text.FLASH_OB_GetBootLock:00000000 $t
C:\Users\aniru.000\AppData\Local\Temp\ccluqqhd.s:75     .text.FLASH_OB_GetBootLock:00000000 FLASH_OB_GetBootLock
C:\Users\aniru.000\AppData\Local\Temp\ccluqqhd.s:86     .text.FLASH_OB_GetBootLock:0000000c $d
C:\Users\aniru.000\AppData\Local\Temp\ccluqqhd.s:89     .text.FLASH_OB_GetWRP:00000000 $t
C:\Users\aniru.000\AppData\Local\Temp\ccluqqhd.s:94     .text.FLASH_OB_GetWRP:00000000 FLASH_OB_GetWRP
C:\Users\aniru.000\AppData\Local\Temp\ccluqqhd.s:124    .text.FLASH_OB_GetWRP:00000030 $d
C:\Users\aniru.000\AppData\Local\Temp\ccluqqhd.s:127    .text.FLASH_OB_GetRDP:00000000 $t
C:\Users\aniru.000\AppData\Local\Temp\ccluqqhd.s:132    .text.FLASH_OB_GetRDP:00000000 FLASH_OB_GetRDP
C:\Users\aniru.000\AppData\Local\Temp\ccluqqhd.s:149    .text.FLASH_OB_GetRDP:00000014 $d
C:\Users\aniru.000\AppData\Local\Temp\ccluqqhd.s:152    .text.FLASH_OB_GetUser:00000000 $t
C:\Users\aniru.000\AppData\Local\Temp\ccluqqhd.s:157    .text.FLASH_OB_GetUser:00000000 FLASH_OB_GetUser
C:\Users\aniru.000\AppData\Local\Temp\ccluqqhd.s:168    .text.FLASH_OB_GetUser:0000000c $d
C:\Users\aniru.000\AppData\Local\Temp\ccluqqhd.s:171    .text.FLASH_OB_GetPCROP:00000000 $t
C:\Users\aniru.000\AppData\Local\Temp\ccluqqhd.s:176    .text.FLASH_OB_GetPCROP:00000000 FLASH_OB_GetPCROP
C:\Users\aniru.000\AppData\Local\Temp\ccluqqhd.s:204    .text.FLASH_OB_GetPCROP:00000040 $d
C:\Users\aniru.000\AppData\Local\Temp\ccluqqhd.s:208    .text.FLASH_OB_WRPConfig:00000000 $t
C:\Users\aniru.000\AppData\Local\Temp\ccluqqhd.s:213    .text.FLASH_OB_WRPConfig:00000000 FLASH_OB_WRPConfig
C:\Users\aniru.000\AppData\Local\Temp\ccluqqhd.s:246    .text.FLASH_OB_WRPConfig:00000040 $d
C:\Users\aniru.000\AppData\Local\Temp\ccluqqhd.s:249    .text.FLASH_OB_RDPConfig:00000000 $t
C:\Users\aniru.000\AppData\Local\Temp\ccluqqhd.s:254    .text.FLASH_OB_RDPConfig:00000000 FLASH_OB_RDPConfig
C:\Users\aniru.000\AppData\Local\Temp\ccluqqhd.s:279    .text.FLASH_OB_RDPConfig:00000030 $d
C:\Users\aniru.000\AppData\Local\Temp\ccluqqhd.s:282    .text.FLASH_OB_UserConfig:00000000 $t
C:\Users\aniru.000\AppData\Local\Temp\ccluqqhd.s:287    .text.FLASH_OB_UserConfig:00000000 FLASH_OB_UserConfig
C:\Users\aniru.000\AppData\Local\Temp\ccluqqhd.s:410    .text.FLASH_OB_UserConfig:00000138 $d
C:\Users\aniru.000\AppData\Local\Temp\ccluqqhd.s:413    .text.FLASH_OB_PCROPConfig:00000000 $t
C:\Users\aniru.000\AppData\Local\Temp\ccluqqhd.s:418    .text.FLASH_OB_PCROPConfig:00000000 FLASH_OB_PCROPConfig
C:\Users\aniru.000\AppData\Local\Temp\ccluqqhd.s:458    .text.FLASH_OB_PCROPConfig:0000005c $d
C:\Users\aniru.000\AppData\Local\Temp\ccluqqhd.s:461    .text.FLASH_OB_SecMemConfig:00000000 $t
C:\Users\aniru.000\AppData\Local\Temp\ccluqqhd.s:466    .text.FLASH_OB_SecMemConfig:00000000 FLASH_OB_SecMemConfig
C:\Users\aniru.000\AppData\Local\Temp\ccluqqhd.s:496    .text.FLASH_OB_SecMemConfig:00000038 $d
C:\Users\aniru.000\AppData\Local\Temp\ccluqqhd.s:499    .text.FLASH_OB_BootLockConfig:00000000 $t
C:\Users\aniru.000\AppData\Local\Temp\ccluqqhd.s:504    .text.FLASH_OB_BootLockConfig:00000000 FLASH_OB_BootLockConfig
C:\Users\aniru.000\AppData\Local\Temp\ccluqqhd.s:529    .text.FLASH_OB_BootLockConfig:00000030 $d
C:\Users\aniru.000\AppData\Local\Temp\ccluqqhd.s:532    .text.HAL_FLASHEx_OBProgram:00000000 $t
C:\Users\aniru.000\AppData\Local\Temp\ccluqqhd.s:538    .text.HAL_FLASHEx_OBProgram:00000000 HAL_FLASHEx_OBProgram
C:\Users\aniru.000\AppData\Local\Temp\ccluqqhd.s:648    .text.HAL_FLASHEx_OBProgram:000000cc $d
C:\Users\aniru.000\AppData\Local\Temp\ccluqqhd.s:651    .text.HAL_FLASHEx_OBGetConfig:00000000 $t
C:\Users\aniru.000\AppData\Local\Temp\ccluqqhd.s:657    .text.HAL_FLASHEx_OBGetConfig:00000000 HAL_FLASHEx_OBGetConfig
C:\Users\aniru.000\AppData\Local\Temp\ccluqqhd.s:711    .text.HAL_FLASHEx_EnableSecMemProtection:00000000 $t
C:\Users\aniru.000\AppData\Local\Temp\ccluqqhd.s:717    .text.HAL_FLASHEx_EnableSecMemProtection:00000000 HAL_FLASHEx_EnableSecMemProtection
C:\Users\aniru.000\AppData\Local\Temp\ccluqqhd.s:730    .text.HAL_FLASHEx_EnableSecMemProtection:00000010 $d
C:\Users\aniru.000\AppData\Local\Temp\ccluqqhd.s:733    .text.HAL_FLASHEx_EnableDebugger:00000000 $t
C:\Users\aniru.000\AppData\Local\Temp\ccluqqhd.s:739    .text.HAL_FLASHEx_EnableDebugger:00000000 HAL_FLASHEx_EnableDebugger
C:\Users\aniru.000\AppData\Local\Temp\ccluqqhd.s:751    .text.HAL_FLASHEx_EnableDebugger:0000000c $d
C:\Users\aniru.000\AppData\Local\Temp\ccluqqhd.s:754    .text.HAL_FLASHEx_DisableDebugger:00000000 $t
C:\Users\aniru.000\AppData\Local\Temp\ccluqqhd.s:760    .text.HAL_FLASHEx_DisableDebugger:00000000 HAL_FLASHEx_DisableDebugger
C:\Users\aniru.000\AppData\Local\Temp\ccluqqhd.s:772    .text.HAL_FLASHEx_DisableDebugger:0000000c $d
C:\Users\aniru.000\AppData\Local\Temp\ccluqqhd.s:775    .text.FLASH_PageErase:00000000 $t
C:\Users\aniru.000\AppData\Local\Temp\ccluqqhd.s:781    .text.FLASH_PageErase:00000000 FLASH_PageErase
ARM GAS  C:\Users\aniru.000\AppData\Local\Temp\ccluqqhd.s 			page 21


C:\Users\aniru.000\AppData\Local\Temp\ccluqqhd.s:802    .text.FLASH_PageErase:00000024 $d
C:\Users\aniru.000\AppData\Local\Temp\ccluqqhd.s:805    .text.HAL_FLASHEx_Erase_IT:00000000 $t
C:\Users\aniru.000\AppData\Local\Temp\ccluqqhd.s:811    .text.HAL_FLASHEx_Erase_IT:00000000 HAL_FLASHEx_Erase_IT
C:\Users\aniru.000\AppData\Local\Temp\ccluqqhd.s:900    .text.HAL_FLASHEx_Erase_IT:000000a8 $d
C:\Users\aniru.000\AppData\Local\Temp\ccluqqhd.s:904    .text.FLASH_FlushCaches:00000000 $t
C:\Users\aniru.000\AppData\Local\Temp\ccluqqhd.s:910    .text.FLASH_FlushCaches:00000000 FLASH_FlushCaches
C:\Users\aniru.000\AppData\Local\Temp\ccluqqhd.s:960    .text.FLASH_FlushCaches:0000005c $d
C:\Users\aniru.000\AppData\Local\Temp\ccluqqhd.s:964    .text.HAL_FLASHEx_Erase:00000000 $t
C:\Users\aniru.000\AppData\Local\Temp\ccluqqhd.s:970    .text.HAL_FLASHEx_Erase:00000000 HAL_FLASHEx_Erase
C:\Users\aniru.000\AppData\Local\Temp\ccluqqhd.s:1084   .text.HAL_FLASHEx_Erase:000000e8 $d

UNDEFINED SYMBOLS
FLASH_WaitForLastOperation
pFlash
