ARM GAS  C:\Users\aniru.000\AppData\Local\Temp\ccNuhf3e.s 			page 1


   1              		.cpu cortex-m4
   2              		.arch armv7e-m
   3              		.fpu fpv4-sp-d16
   4              		.eabi_attribute 27, 1
   5              		.eabi_attribute 28, 1
   6              		.eabi_attribute 20, 1
   7              		.eabi_attribute 21, 1
   8              		.eabi_attribute 23, 3
   9              		.eabi_attribute 24, 1
  10              		.eabi_attribute 25, 1
  11              		.eabi_attribute 26, 1
  12              		.eabi_attribute 30, 1
  13              		.eabi_attribute 34, 1
  14              		.eabi_attribute 18, 4
  15              		.file	"stm32g4xx_hal_flash_ramfunc.c"
  16              		.text
  17              		.section	.RamFunc,"ax",%progbits
  18              		.align	1
  19              		.global	HAL_FLASHEx_EnableRunPowerDown
  20              		.syntax unified
  21              		.thumb
  22              		.thumb_func
  24              	HAL_FLASHEx_EnableRunPowerDown:
  25              		@ args = 0, pretend = 0, frame = 0
  26              		@ frame_needed = 0, uses_anonymous_args = 0
  27              		@ link register save eliminated.
  28 0000 054B     		ldr	r3, .L2
  29 0002 064A     		ldr	r2, .L2+4
  30 0004 5A60     		str	r2, [r3, #4]
  31 0006 064A     		ldr	r2, .L2+8
  32 0008 5A60     		str	r2, [r3, #4]
  33 000a 1A68     		ldr	r2, [r3]
  34 000c 42F40052 		orr	r2, r2, #8192
  35 0010 1A60     		str	r2, [r3]
  36 0012 0020     		movs	r0, #0
  37 0014 7047     		bx	lr
  38              	.L3:
  39 0016 00BF     		.align	2
  40              	.L2:
  41 0018 00200240 		.word	1073881088
  42 001c 37261504 		.word	68494903
  43 0020 FDFCFBFA 		.word	-84148995
  45              		.align	1
  46              		.global	HAL_FLASHEx_DisableRunPowerDown
  47              		.syntax unified
  48              		.thumb
  49              		.thumb_func
  51              	HAL_FLASHEx_DisableRunPowerDown:
  52              		@ args = 0, pretend = 0, frame = 0
  53              		@ frame_needed = 0, uses_anonymous_args = 0
  54              		@ link register save eliminated.
  55 0024 054B     		ldr	r3, .L5
  56 0026 064A     		ldr	r2, .L5+4
  57 0028 5A60     		str	r2, [r3, #4]
  58 002a 064A     		ldr	r2, .L5+8
  59 002c 5A60     		str	r2, [r3, #4]
  60 002e 1A68     		ldr	r2, [r3]
ARM GAS  C:\Users\aniru.000\AppData\Local\Temp\ccNuhf3e.s 			page 2


  61 0030 22F40052 		bic	r2, r2, #8192
  62 0034 1A60     		str	r2, [r3]
  63 0036 0020     		movs	r0, #0
  64 0038 7047     		bx	lr
  65              	.L6:
  66 003a 00BF     		.align	2
  67              	.L5:
  68 003c 00200240 		.word	1073881088
  69 0040 37261504 		.word	68494903
  70 0044 FDFCFBFA 		.word	-84148995
  72              		.ident	"GCC: (xPack GNU Arm Embedded GCC x86_64) 15.2.1 20251203"
ARM GAS  C:\Users\aniru.000\AppData\Local\Temp\ccNuhf3e.s 			page 3


DEFINED SYMBOLS
                            *ABS*:00000000 stm32g4xx_hal_flash_ramfunc.c
C:\Users\aniru.000\AppData\Local\Temp\ccNuhf3e.s:18     .RamFunc:00000000 $t
C:\Users\aniru.000\AppData\Local\Temp\ccNuhf3e.s:24     .RamFunc:00000000 HAL_FLASHEx_EnableRunPowerDown
C:\Users\aniru.000\AppData\Local\Temp\ccNuhf3e.s:41     .RamFunc:00000018 $d
C:\Users\aniru.000\AppData\Local\Temp\ccNuhf3e.s:45     .RamFunc:00000024 $t
C:\Users\aniru.000\AppData\Local\Temp\ccNuhf3e.s:51     .RamFunc:00000024 HAL_FLASHEx_DisableRunPowerDown
C:\Users\aniru.000\AppData\Local\Temp\ccNuhf3e.s:68     .RamFunc:0000003c $d

NO UNDEFINED SYMBOLS
