ARM GAS  C:\Users\aniru.000\AppData\Local\Temp\ccYiAgMa.s 			page 1


   1              		.cpu cortex-m4
   2              		.arch armv7e-m
   3              		.fpu fpv4-sp-d16
   4              		.eabi_attribute 27, 1
   5              		.eabi_attribute 28, 1
   6              		.eabi_attribute 20, 1
   7              		.eabi_attribute 21, 1
   8              		.eabi_attribute 23, 3
   9              		.eabi_attribute 24, 1
  10              		.eabi_attribute 25, 1
  11              		.eabi_attribute 26, 1
  12              		.eabi_attribute 30, 1
  13              		.eabi_attribute 34, 1
  14              		.eabi_attribute 18, 4
  15              		.file	"stm32g4xx_hal.c"
  16              		.text
  17              		.section	.text.HAL_MspInit,"ax",%progbits
  18              		.align	1
  19              		.weak	HAL_MspInit
  20              		.syntax unified
  21              		.thumb
  22              		.thumb_func
  24              	HAL_MspInit:
  25              		@ args = 0, pretend = 0, frame = 0
  26              		@ frame_needed = 0, uses_anonymous_args = 0
  27              		@ link register save eliminated.
  28 0000 7047     		bx	lr
  30              		.section	.text.HAL_MspDeInit,"ax",%progbits
  31              		.align	1
  32              		.weak	HAL_MspDeInit
  33              		.syntax unified
  34              		.thumb
  35              		.thumb_func
  37              	HAL_MspDeInit:
  38              		@ args = 0, pretend = 0, frame = 0
  39              		@ frame_needed = 0, uses_anonymous_args = 0
  40              		@ link register save eliminated.
  41 0000 7047     		bx	lr
  43              		.section	.text.HAL_DeInit,"ax",%progbits
  44              		.align	1
  45              		.global	HAL_DeInit
  46              		.syntax unified
  47              		.thumb
  48              		.thumb_func
  50              	HAL_DeInit:
  51              		@ args = 0, pretend = 0, frame = 0
  52              		@ frame_needed = 0, uses_anonymous_args = 0
  53 0000 10B5     		push	{r4, lr}
  54 0002 094B     		ldr	r3, .L5
  55 0004 4FF0FF32 		mov	r2, #-1
  56 0008 9A63     		str	r2, [r3, #56]
  57 000a 0024     		movs	r4, #0
  58 000c 9C63     		str	r4, [r3, #56]
  59 000e 1A64     		str	r2, [r3, #64]
  60 0010 1C64     		str	r4, [r3, #64]
  61 0012 9A62     		str	r2, [r3, #40]
  62 0014 9C62     		str	r4, [r3, #40]
ARM GAS  C:\Users\aniru.000\AppData\Local\Temp\ccYiAgMa.s 			page 2


  63 0016 DA62     		str	r2, [r3, #44]
  64 0018 DC62     		str	r4, [r3, #44]
  65 001a 1A63     		str	r2, [r3, #48]
  66 001c 1C63     		str	r4, [r3, #48]
  67 001e FFF7FEFF 		bl	HAL_MspDeInit
  68 0022 2046     		mov	r0, r4
  69 0024 10BD     		pop	{r4, pc}
  70              	.L6:
  71 0026 00BF     		.align	2
  72              	.L5:
  73 0028 00100240 		.word	1073876992
  75              		.section	.text.HAL_InitTick,"ax",%progbits
  76              		.align	1
  77              		.weak	HAL_InitTick
  78              		.syntax unified
  79              		.thumb
  80              		.thumb_func
  82              	HAL_InitTick:
  83              		@ args = 0, pretend = 0, frame = 0
  84              		@ frame_needed = 0, uses_anonymous_args = 0
  85 0000 104B     		ldr	r3, .L18
  86 0002 1B68     		ldr	r3, [r3]
  87 0004 0BB9     		cbnz	r3, .L16
  88 0006 0120     		movs	r0, #1
  89 0008 7047     		bx	lr
  90              	.L16:
  91 000a 10B5     		push	{r4, lr}
  92 000c 0446     		mov	r4, r0
  93 000e 0E4A     		ldr	r2, .L18+4
  94 0010 1068     		ldr	r0, [r2]
  95 0012 4FF47A72 		mov	r2, #1000
  96 0016 B2FBF3F3 		udiv	r3, r2, r3
  97 001a B0FBF3F0 		udiv	r0, r0, r3
  98 001e FFF7FEFF 		bl	HAL_SYSTICK_Config
  99 0022 68B9     		cbnz	r0, .L10
 100 0024 0F2C     		cmp	r4, #15
 101 0026 01D9     		bls	.L17
 102 0028 0120     		movs	r0, #1
 103 002a 0AE0     		b	.L8
 104              	.L17:
 105 002c 0246     		mov	r2, r0
 106 002e 2146     		mov	r1, r4
 107 0030 4FF0FF30 		mov	r0, #-1
 108 0034 FFF7FEFF 		bl	HAL_NVIC_SetPriority
 109 0038 044B     		ldr	r3, .L18+8
 110 003a 1C60     		str	r4, [r3]
 111 003c 0020     		movs	r0, #0
 112 003e 00E0     		b	.L8
 113              	.L10:
 114 0040 0120     		movs	r0, #1
 115              	.L8:
 116 0042 10BD     		pop	{r4, pc}
 117              	.L19:
 118              		.align	2
 119              	.L18:
 120 0044 00000000 		.word	uwTickFreq
 121 0048 00000000 		.word	SystemCoreClock
ARM GAS  C:\Users\aniru.000\AppData\Local\Temp\ccYiAgMa.s 			page 3


 122 004c 00000000 		.word	uwTickPrio
 124              		.section	.text.HAL_Init,"ax",%progbits
 125              		.align	1
 126              		.global	HAL_Init
 127              		.syntax unified
 128              		.thumb
 129              		.thumb_func
 131              	HAL_Init:
 132              		@ args = 0, pretend = 0, frame = 0
 133              		@ frame_needed = 0, uses_anonymous_args = 0
 134 0000 10B5     		push	{r4, lr}
 135 0002 0320     		movs	r0, #3
 136 0004 FFF7FEFF 		bl	HAL_NVIC_SetPriorityGrouping
 137 0008 0F20     		movs	r0, #15
 138 000a FFF7FEFF 		bl	HAL_InitTick
 139 000e 18B1     		cbz	r0, .L24
 140 0010 0123     		movs	r3, #1
 141 0012 1C46     		mov	r4, r3
 142              	.L21:
 143 0014 2046     		mov	r0, r4
 144 0016 10BD     		pop	{r4, pc}
 145              	.L24:
 146 0018 0446     		mov	r4, r0
 147 001a FFF7FEFF 		bl	HAL_MspInit
 148 001e F9E7     		b	.L21
 150              		.section	.text.HAL_IncTick,"ax",%progbits
 151              		.align	1
 152              		.weak	HAL_IncTick
 153              		.syntax unified
 154              		.thumb
 155              		.thumb_func
 157              	HAL_IncTick:
 158              		@ args = 0, pretend = 0, frame = 0
 159              		@ frame_needed = 0, uses_anonymous_args = 0
 160              		@ link register save eliminated.
 161 0000 034A     		ldr	r2, .L26
 162 0002 1368     		ldr	r3, [r2]
 163 0004 0349     		ldr	r1, .L26+4
 164 0006 0968     		ldr	r1, [r1]
 165 0008 0B44     		add	r3, r3, r1
 166 000a 1360     		str	r3, [r2]
 167 000c 7047     		bx	lr
 168              	.L27:
 169 000e 00BF     		.align	2
 170              	.L26:
 171 0010 00000000 		.word	uwTick
 172 0014 00000000 		.word	uwTickFreq
 174              		.section	.text.HAL_GetTick,"ax",%progbits
 175              		.align	1
 176              		.weak	HAL_GetTick
 177              		.syntax unified
 178              		.thumb
 179              		.thumb_func
 181              	HAL_GetTick:
 182              		@ args = 0, pretend = 0, frame = 0
 183              		@ frame_needed = 0, uses_anonymous_args = 0
 184              		@ link register save eliminated.
ARM GAS  C:\Users\aniru.000\AppData\Local\Temp\ccYiAgMa.s 			page 4


 185 0000 014B     		ldr	r3, .L29
 186 0002 1868     		ldr	r0, [r3]
 187 0004 7047     		bx	lr
 188              	.L30:
 189 0006 00BF     		.align	2
 190              	.L29:
 191 0008 00000000 		.word	uwTick
 193              		.section	.text.HAL_GetTickPrio,"ax",%progbits
 194              		.align	1
 195              		.global	HAL_GetTickPrio
 196              		.syntax unified
 197              		.thumb
 198              		.thumb_func
 200              	HAL_GetTickPrio:
 201              		@ args = 0, pretend = 0, frame = 0
 202              		@ frame_needed = 0, uses_anonymous_args = 0
 203              		@ link register save eliminated.
 204 0000 014B     		ldr	r3, .L32
 205 0002 1868     		ldr	r0, [r3]
 206 0004 7047     		bx	lr
 207              	.L33:
 208 0006 00BF     		.align	2
 209              	.L32:
 210 0008 00000000 		.word	uwTickPrio
 212              		.section	.text.HAL_SetTickFreq,"ax",%progbits
 213              		.align	1
 214              		.global	HAL_SetTickFreq
 215              		.syntax unified
 216              		.thumb
 217              		.thumb_func
 219              	HAL_SetTickFreq:
 220              		@ args = 0, pretend = 0, frame = 0
 221              		@ frame_needed = 0, uses_anonymous_args = 0
 222 0000 10B5     		push	{r4, lr}
 223 0002 084B     		ldr	r3, .L39
 224 0004 1C68     		ldr	r4, [r3]
 225 0006 8442     		cmp	r4, r0
 226 0008 01D1     		bne	.L38
 227 000a 0020     		movs	r0, #0
 228              	.L35:
 229 000c 10BD     		pop	{r4, pc}
 230              	.L38:
 231 000e 1860     		str	r0, [r3]
 232 0010 054B     		ldr	r3, .L39+4
 233 0012 1868     		ldr	r0, [r3]
 234 0014 FFF7FEFF 		bl	HAL_InitTick
 235 0018 0028     		cmp	r0, #0
 236 001a F7D0     		beq	.L35
 237 001c 014B     		ldr	r3, .L39
 238 001e 1C60     		str	r4, [r3]
 239 0020 F4E7     		b	.L35
 240              	.L40:
 241 0022 00BF     		.align	2
 242              	.L39:
 243 0024 00000000 		.word	uwTickFreq
 244 0028 00000000 		.word	uwTickPrio
 246              		.section	.text.HAL_GetTickFreq,"ax",%progbits
ARM GAS  C:\Users\aniru.000\AppData\Local\Temp\ccYiAgMa.s 			page 5


 247              		.align	1
 248              		.global	HAL_GetTickFreq
 249              		.syntax unified
 250              		.thumb
 251              		.thumb_func
 253              	HAL_GetTickFreq:
 254              		@ args = 0, pretend = 0, frame = 0
 255              		@ frame_needed = 0, uses_anonymous_args = 0
 256              		@ link register save eliminated.
 257 0000 014B     		ldr	r3, .L42
 258 0002 1868     		ldr	r0, [r3]
 259 0004 7047     		bx	lr
 260              	.L43:
 261 0006 00BF     		.align	2
 262              	.L42:
 263 0008 00000000 		.word	uwTickFreq
 265              		.section	.text.HAL_Delay,"ax",%progbits
 266              		.align	1
 267              		.weak	HAL_Delay
 268              		.syntax unified
 269              		.thumb
 270              		.thumb_func
 272              	HAL_Delay:
 273              		@ args = 0, pretend = 0, frame = 0
 274              		@ frame_needed = 0, uses_anonymous_args = 0
 275 0000 38B5     		push	{r3, r4, r5, lr}
 276 0002 0446     		mov	r4, r0
 277 0004 FFF7FEFF 		bl	HAL_GetTick
 278 0008 0546     		mov	r5, r0
 279 000a B4F1FF3F 		cmp	r4, #-1
 280 000e 02D0     		beq	.L46
 281 0010 044B     		ldr	r3, .L48
 282 0012 1B68     		ldr	r3, [r3]
 283 0014 1C44     		add	r4, r4, r3
 284              	.L46:
 285 0016 FFF7FEFF 		bl	HAL_GetTick
 286 001a 401B     		subs	r0, r0, r5
 287 001c A042     		cmp	r0, r4
 288 001e FAD3     		bcc	.L46
 289 0020 38BD     		pop	{r3, r4, r5, pc}
 290              	.L49:
 291 0022 00BF     		.align	2
 292              	.L48:
 293 0024 00000000 		.word	uwTickFreq
 295              		.section	.text.HAL_SuspendTick,"ax",%progbits
 296              		.align	1
 297              		.weak	HAL_SuspendTick
 298              		.syntax unified
 299              		.thumb
 300              		.thumb_func
 302              	HAL_SuspendTick:
 303              		@ args = 0, pretend = 0, frame = 0
 304              		@ frame_needed = 0, uses_anonymous_args = 0
 305              		@ link register save eliminated.
 306 0000 4FF0E022 		mov	r2, #-536813568
 307 0004 1369     		ldr	r3, [r2, #16]
 308 0006 23F00203 		bic	r3, r3, #2
ARM GAS  C:\Users\aniru.000\AppData\Local\Temp\ccYiAgMa.s 			page 6


 309 000a 1361     		str	r3, [r2, #16]
 310 000c 7047     		bx	lr
 312              		.section	.text.HAL_ResumeTick,"ax",%progbits
 313              		.align	1
 314              		.weak	HAL_ResumeTick
 315              		.syntax unified
 316              		.thumb
 317              		.thumb_func
 319              	HAL_ResumeTick:
 320              		@ args = 0, pretend = 0, frame = 0
 321              		@ frame_needed = 0, uses_anonymous_args = 0
 322              		@ link register save eliminated.
 323 0000 4FF0E022 		mov	r2, #-536813568
 324 0004 1369     		ldr	r3, [r2, #16]
 325 0006 43F00203 		orr	r3, r3, #2
 326 000a 1361     		str	r3, [r2, #16]
 327 000c 7047     		bx	lr
 329              		.section	.text.HAL_GetHalVersion,"ax",%progbits
 330              		.align	1
 331              		.global	HAL_GetHalVersion
 332              		.syntax unified
 333              		.thumb
 334              		.thumb_func
 336              	HAL_GetHalVersion:
 337              		@ args = 0, pretend = 0, frame = 0
 338              		@ frame_needed = 0, uses_anonymous_args = 0
 339              		@ link register save eliminated.
 340 0000 0048     		ldr	r0, .L53
 341 0002 7047     		bx	lr
 342              	.L54:
 343              		.align	2
 344              	.L53:
 345 0004 00060201 		.word	16909824
 347              		.section	.text.HAL_GetREVID,"ax",%progbits
 348              		.align	1
 349              		.global	HAL_GetREVID
 350              		.syntax unified
 351              		.thumb
 352              		.thumb_func
 354              	HAL_GetREVID:
 355              		@ args = 0, pretend = 0, frame = 0
 356              		@ frame_needed = 0, uses_anonymous_args = 0
 357              		@ link register save eliminated.
 358 0000 014B     		ldr	r3, .L56
 359 0002 1868     		ldr	r0, [r3]
 360 0004 000C     		lsrs	r0, r0, #16
 361 0006 7047     		bx	lr
 362              	.L57:
 363              		.align	2
 364              	.L56:
 365 0008 002004E0 		.word	-536600576
 367              		.section	.text.HAL_GetDEVID,"ax",%progbits
 368              		.align	1
 369              		.global	HAL_GetDEVID
 370              		.syntax unified
 371              		.thumb
 372              		.thumb_func
ARM GAS  C:\Users\aniru.000\AppData\Local\Temp\ccYiAgMa.s 			page 7


 374              	HAL_GetDEVID:
 375              		@ args = 0, pretend = 0, frame = 0
 376              		@ frame_needed = 0, uses_anonymous_args = 0
 377              		@ link register save eliminated.
 378 0000 024B     		ldr	r3, .L59
 379 0002 1868     		ldr	r0, [r3]
 380 0004 C0F30B00 		ubfx	r0, r0, #0, #12
 381 0008 7047     		bx	lr
 382              	.L60:
 383 000a 00BF     		.align	2
 384              	.L59:
 385 000c 002004E0 		.word	-536600576
 387              		.section	.text.HAL_GetUIDw0,"ax",%progbits
 388              		.align	1
 389              		.global	HAL_GetUIDw0
 390              		.syntax unified
 391              		.thumb
 392              		.thumb_func
 394              	HAL_GetUIDw0:
 395              		@ args = 0, pretend = 0, frame = 0
 396              		@ frame_needed = 0, uses_anonymous_args = 0
 397              		@ link register save eliminated.
 398 0000 014B     		ldr	r3, .L62
 399 0002 D3F89005 		ldr	r0, [r3, #1424]
 400 0006 7047     		bx	lr
 401              	.L63:
 402              		.align	2
 403              	.L62:
 404 0008 0070FF1F 		.word	536834048
 406              		.section	.text.HAL_GetUIDw1,"ax",%progbits
 407              		.align	1
 408              		.global	HAL_GetUIDw1
 409              		.syntax unified
 410              		.thumb
 411              		.thumb_func
 413              	HAL_GetUIDw1:
 414              		@ args = 0, pretend = 0, frame = 0
 415              		@ frame_needed = 0, uses_anonymous_args = 0
 416              		@ link register save eliminated.
 417 0000 014B     		ldr	r3, .L65
 418 0002 D3F89405 		ldr	r0, [r3, #1428]
 419 0006 7047     		bx	lr
 420              	.L66:
 421              		.align	2
 422              	.L65:
 423 0008 0070FF1F 		.word	536834048
 425              		.section	.text.HAL_GetUIDw2,"ax",%progbits
 426              		.align	1
 427              		.global	HAL_GetUIDw2
 428              		.syntax unified
 429              		.thumb
 430              		.thumb_func
 432              	HAL_GetUIDw2:
 433              		@ args = 0, pretend = 0, frame = 0
 434              		@ frame_needed = 0, uses_anonymous_args = 0
 435              		@ link register save eliminated.
 436 0000 014B     		ldr	r3, .L68
ARM GAS  C:\Users\aniru.000\AppData\Local\Temp\ccYiAgMa.s 			page 8


 437 0002 D3F89805 		ldr	r0, [r3, #1432]
 438 0006 7047     		bx	lr
 439              	.L69:
 440              		.align	2
 441              	.L68:
 442 0008 0070FF1F 		.word	536834048
 444              		.section	.text.HAL_DBGMCU_EnableDBGSleepMode,"ax",%progbits
 445              		.align	1
 446              		.global	HAL_DBGMCU_EnableDBGSleepMode
 447              		.syntax unified
 448              		.thumb
 449              		.thumb_func
 451              	HAL_DBGMCU_EnableDBGSleepMode:
 452              		@ args = 0, pretend = 0, frame = 0
 453              		@ frame_needed = 0, uses_anonymous_args = 0
 454              		@ link register save eliminated.
 455 0000 024A     		ldr	r2, .L71
 456 0002 5368     		ldr	r3, [r2, #4]
 457 0004 43F00103 		orr	r3, r3, #1
 458 0008 5360     		str	r3, [r2, #4]
 459 000a 7047     		bx	lr
 460              	.L72:
 461              		.align	2
 462              	.L71:
 463 000c 002004E0 		.word	-536600576
 465              		.section	.text.HAL_DBGMCU_DisableDBGSleepMode,"ax",%progbits
 466              		.align	1
 467              		.global	HAL_DBGMCU_DisableDBGSleepMode
 468              		.syntax unified
 469              		.thumb
 470              		.thumb_func
 472              	HAL_DBGMCU_DisableDBGSleepMode:
 473              		@ args = 0, pretend = 0, frame = 0
 474              		@ frame_needed = 0, uses_anonymous_args = 0
 475              		@ link register save eliminated.
 476 0000 024A     		ldr	r2, .L74
 477 0002 5368     		ldr	r3, [r2, #4]
 478 0004 23F00103 		bic	r3, r3, #1
 479 0008 5360     		str	r3, [r2, #4]
 480 000a 7047     		bx	lr
 481              	.L75:
 482              		.align	2
 483              	.L74:
 484 000c 002004E0 		.word	-536600576
 486              		.section	.text.HAL_DBGMCU_EnableDBGStopMode,"ax",%progbits
 487              		.align	1
 488              		.global	HAL_DBGMCU_EnableDBGStopMode
 489              		.syntax unified
 490              		.thumb
 491              		.thumb_func
 493              	HAL_DBGMCU_EnableDBGStopMode:
 494              		@ args = 0, pretend = 0, frame = 0
 495              		@ frame_needed = 0, uses_anonymous_args = 0
 496              		@ link register save eliminated.
 497 0000 024A     		ldr	r2, .L77
 498 0002 5368     		ldr	r3, [r2, #4]
 499 0004 43F00203 		orr	r3, r3, #2
ARM GAS  C:\Users\aniru.000\AppData\Local\Temp\ccYiAgMa.s 			page 9


 500 0008 5360     		str	r3, [r2, #4]
 501 000a 7047     		bx	lr
 502              	.L78:
 503              		.align	2
 504              	.L77:
 505 000c 002004E0 		.word	-536600576
 507              		.section	.text.HAL_DBGMCU_DisableDBGStopMode,"ax",%progbits
 508              		.align	1
 509              		.global	HAL_DBGMCU_DisableDBGStopMode
 510              		.syntax unified
 511              		.thumb
 512              		.thumb_func
 514              	HAL_DBGMCU_DisableDBGStopMode:
 515              		@ args = 0, pretend = 0, frame = 0
 516              		@ frame_needed = 0, uses_anonymous_args = 0
 517              		@ link register save eliminated.
 518 0000 024A     		ldr	r2, .L80
 519 0002 5368     		ldr	r3, [r2, #4]
 520 0004 23F00203 		bic	r3, r3, #2
 521 0008 5360     		str	r3, [r2, #4]
 522 000a 7047     		bx	lr
 523              	.L81:
 524              		.align	2
 525              	.L80:
 526 000c 002004E0 		.word	-536600576
 528              		.section	.text.HAL_DBGMCU_EnableDBGStandbyMode,"ax",%progbits
 529              		.align	1
 530              		.global	HAL_DBGMCU_EnableDBGStandbyMode
 531              		.syntax unified
 532              		.thumb
 533              		.thumb_func
 535              	HAL_DBGMCU_EnableDBGStandbyMode:
 536              		@ args = 0, pretend = 0, frame = 0
 537              		@ frame_needed = 0, uses_anonymous_args = 0
 538              		@ link register save eliminated.
 539 0000 024A     		ldr	r2, .L83
 540 0002 5368     		ldr	r3, [r2, #4]
 541 0004 43F00403 		orr	r3, r3, #4
 542 0008 5360     		str	r3, [r2, #4]
 543 000a 7047     		bx	lr
 544              	.L84:
 545              		.align	2
 546              	.L83:
 547 000c 002004E0 		.word	-536600576
 549              		.section	.text.HAL_DBGMCU_DisableDBGStandbyMode,"ax",%progbits
 550              		.align	1
 551              		.global	HAL_DBGMCU_DisableDBGStandbyMode
 552              		.syntax unified
 553              		.thumb
 554              		.thumb_func
 556              	HAL_DBGMCU_DisableDBGStandbyMode:
 557              		@ args = 0, pretend = 0, frame = 0
 558              		@ frame_needed = 0, uses_anonymous_args = 0
 559              		@ link register save eliminated.
 560 0000 024A     		ldr	r2, .L86
 561 0002 5368     		ldr	r3, [r2, #4]
 562 0004 23F00403 		bic	r3, r3, #4
ARM GAS  C:\Users\aniru.000\AppData\Local\Temp\ccYiAgMa.s 			page 10


 563 0008 5360     		str	r3, [r2, #4]
 564 000a 7047     		bx	lr
 565              	.L87:
 566              		.align	2
 567              	.L86:
 568 000c 002004E0 		.word	-536600576
 570              		.section	.text.HAL_SYSCFG_CCMSRAMErase,"ax",%progbits
 571              		.align	1
 572              		.global	HAL_SYSCFG_CCMSRAMErase
 573              		.syntax unified
 574              		.thumb
 575              		.thumb_func
 577              	HAL_SYSCFG_CCMSRAMErase:
 578              		@ args = 0, pretend = 0, frame = 0
 579              		@ frame_needed = 0, uses_anonymous_args = 0
 580              		@ link register save eliminated.
 581 0000 044B     		ldr	r3, .L89
 582 0002 CA22     		movs	r2, #202
 583 0004 5A62     		str	r2, [r3, #36]
 584 0006 5322     		movs	r2, #83
 585 0008 5A62     		str	r2, [r3, #36]
 586 000a 9A69     		ldr	r2, [r3, #24]
 587 000c 42F00102 		orr	r2, r2, #1
 588 0010 9A61     		str	r2, [r3, #24]
 589 0012 7047     		bx	lr
 590              	.L90:
 591              		.align	2
 592              	.L89:
 593 0014 00000140 		.word	1073807360
 595              		.section	.text.HAL_SYSCFG_EnableMemorySwappingBank,"ax",%progbits
 596              		.align	1
 597              		.global	HAL_SYSCFG_EnableMemorySwappingBank
 598              		.syntax unified
 599              		.thumb
 600              		.thumb_func
 602              	HAL_SYSCFG_EnableMemorySwappingBank:
 603              		@ args = 0, pretend = 0, frame = 0
 604              		@ frame_needed = 0, uses_anonymous_args = 0
 605              		@ link register save eliminated.
 606 0000 024A     		ldr	r2, .L92
 607 0002 1368     		ldr	r3, [r2]
 608 0004 43F48073 		orr	r3, r3, #256
 609 0008 1360     		str	r3, [r2]
 610 000a 7047     		bx	lr
 611              	.L93:
 612              		.align	2
 613              	.L92:
 614 000c 00000140 		.word	1073807360
 616              		.section	.text.HAL_SYSCFG_DisableMemorySwappingBank,"ax",%progbits
 617              		.align	1
 618              		.global	HAL_SYSCFG_DisableMemorySwappingBank
 619              		.syntax unified
 620              		.thumb
 621              		.thumb_func
 623              	HAL_SYSCFG_DisableMemorySwappingBank:
 624              		@ args = 0, pretend = 0, frame = 0
 625              		@ frame_needed = 0, uses_anonymous_args = 0
ARM GAS  C:\Users\aniru.000\AppData\Local\Temp\ccYiAgMa.s 			page 11


 626              		@ link register save eliminated.
 627 0000 024A     		ldr	r2, .L95
 628 0002 1368     		ldr	r3, [r2]
 629 0004 23F48073 		bic	r3, r3, #256
 630 0008 1360     		str	r3, [r2]
 631 000a 7047     		bx	lr
 632              	.L96:
 633              		.align	2
 634              	.L95:
 635 000c 00000140 		.word	1073807360
 637              		.section	.text.HAL_SYSCFG_VREFBUF_VoltageScalingConfig,"ax",%progbits
 638              		.align	1
 639              		.global	HAL_SYSCFG_VREFBUF_VoltageScalingConfig
 640              		.syntax unified
 641              		.thumb
 642              		.thumb_func
 644              	HAL_SYSCFG_VREFBUF_VoltageScalingConfig:
 645              		@ args = 0, pretend = 0, frame = 0
 646              		@ frame_needed = 0, uses_anonymous_args = 0
 647              		@ link register save eliminated.
 648 0000 034A     		ldr	r2, .L98
 649 0002 136B     		ldr	r3, [r2, #48]
 650 0004 23F03003 		bic	r3, r3, #48
 651 0008 0343     		orrs	r3, r3, r0
 652 000a 1363     		str	r3, [r2, #48]
 653 000c 7047     		bx	lr
 654              	.L99:
 655 000e 00BF     		.align	2
 656              	.L98:
 657 0010 00000140 		.word	1073807360
 659              		.section	.text.HAL_SYSCFG_VREFBUF_HighImpedanceConfig,"ax",%progbits
 660              		.align	1
 661              		.global	HAL_SYSCFG_VREFBUF_HighImpedanceConfig
 662              		.syntax unified
 663              		.thumb
 664              		.thumb_func
 666              	HAL_SYSCFG_VREFBUF_HighImpedanceConfig:
 667              		@ args = 0, pretend = 0, frame = 0
 668              		@ frame_needed = 0, uses_anonymous_args = 0
 669              		@ link register save eliminated.
 670 0000 034A     		ldr	r2, .L101
 671 0002 136B     		ldr	r3, [r2, #48]
 672 0004 23F00203 		bic	r3, r3, #2
 673 0008 0343     		orrs	r3, r3, r0
 674 000a 1363     		str	r3, [r2, #48]
 675 000c 7047     		bx	lr
 676              	.L102:
 677 000e 00BF     		.align	2
 678              	.L101:
 679 0010 00000140 		.word	1073807360
 681              		.section	.text.HAL_SYSCFG_VREFBUF_TrimmingConfig,"ax",%progbits
 682              		.align	1
 683              		.global	HAL_SYSCFG_VREFBUF_TrimmingConfig
 684              		.syntax unified
 685              		.thumb
 686              		.thumb_func
 688              	HAL_SYSCFG_VREFBUF_TrimmingConfig:
ARM GAS  C:\Users\aniru.000\AppData\Local\Temp\ccYiAgMa.s 			page 12


 689              		@ args = 0, pretend = 0, frame = 0
 690              		@ frame_needed = 0, uses_anonymous_args = 0
 691              		@ link register save eliminated.
 692 0000 034A     		ldr	r2, .L104
 693 0002 536B     		ldr	r3, [r2, #52]
 694 0004 23F03F03 		bic	r3, r3, #63
 695 0008 0343     		orrs	r3, r3, r0
 696 000a 5363     		str	r3, [r2, #52]
 697 000c 7047     		bx	lr
 698              	.L105:
 699 000e 00BF     		.align	2
 700              	.L104:
 701 0010 00000140 		.word	1073807360
 703              		.section	.text.HAL_SYSCFG_EnableVREFBUF,"ax",%progbits
 704              		.align	1
 705              		.global	HAL_SYSCFG_EnableVREFBUF
 706              		.syntax unified
 707              		.thumb
 708              		.thumb_func
 710              	HAL_SYSCFG_EnableVREFBUF:
 711              		@ args = 0, pretend = 0, frame = 0
 712              		@ frame_needed = 0, uses_anonymous_args = 0
 713 0000 10B5     		push	{r4, lr}
 714 0002 0B4A     		ldr	r2, .L113
 715 0004 136B     		ldr	r3, [r2, #48]
 716 0006 43F00103 		orr	r3, r3, #1
 717 000a 1363     		str	r3, [r2, #48]
 718 000c FFF7FEFF 		bl	HAL_GetTick
 719 0010 0446     		mov	r4, r0
 720              	.L107:
 721 0012 074B     		ldr	r3, .L113
 722 0014 1B6B     		ldr	r3, [r3, #48]
 723 0016 13F0080F 		tst	r3, #8
 724 001a 06D1     		bne	.L112
 725 001c FFF7FEFF 		bl	HAL_GetTick
 726 0020 001B     		subs	r0, r0, r4
 727 0022 0A28     		cmp	r0, #10
 728 0024 F5D9     		bls	.L107
 729 0026 0320     		movs	r0, #3
 730 0028 00E0     		b	.L108
 731              	.L112:
 732 002a 0020     		movs	r0, #0
 733              	.L108:
 734 002c 10BD     		pop	{r4, pc}
 735              	.L114:
 736 002e 00BF     		.align	2
 737              	.L113:
 738 0030 00000140 		.word	1073807360
 740              		.section	.text.HAL_SYSCFG_DisableVREFBUF,"ax",%progbits
 741              		.align	1
 742              		.global	HAL_SYSCFG_DisableVREFBUF
 743              		.syntax unified
 744              		.thumb
 745              		.thumb_func
 747              	HAL_SYSCFG_DisableVREFBUF:
 748              		@ args = 0, pretend = 0, frame = 0
 749              		@ frame_needed = 0, uses_anonymous_args = 0
ARM GAS  C:\Users\aniru.000\AppData\Local\Temp\ccYiAgMa.s 			page 13


 750              		@ link register save eliminated.
 751 0000 024A     		ldr	r2, .L116
 752 0002 136B     		ldr	r3, [r2, #48]
 753 0004 23F00103 		bic	r3, r3, #1
 754 0008 1363     		str	r3, [r2, #48]
 755 000a 7047     		bx	lr
 756              	.L117:
 757              		.align	2
 758              	.L116:
 759 000c 00000140 		.word	1073807360
 761              		.section	.text.HAL_SYSCFG_EnableIOSwitchBooster,"ax",%progbits
 762              		.align	1
 763              		.global	HAL_SYSCFG_EnableIOSwitchBooster
 764              		.syntax unified
 765              		.thumb
 766              		.thumb_func
 768              	HAL_SYSCFG_EnableIOSwitchBooster:
 769              		@ args = 0, pretend = 0, frame = 0
 770              		@ frame_needed = 0, uses_anonymous_args = 0
 771              		@ link register save eliminated.
 772 0000 024A     		ldr	r2, .L119
 773 0002 5368     		ldr	r3, [r2, #4]
 774 0004 43F48073 		orr	r3, r3, #256
 775 0008 5360     		str	r3, [r2, #4]
 776 000a 7047     		bx	lr
 777              	.L120:
 778              		.align	2
 779              	.L119:
 780 000c 00000140 		.word	1073807360
 782              		.section	.text.HAL_SYSCFG_DisableIOSwitchBooster,"ax",%progbits
 783              		.align	1
 784              		.global	HAL_SYSCFG_DisableIOSwitchBooster
 785              		.syntax unified
 786              		.thumb
 787              		.thumb_func
 789              	HAL_SYSCFG_DisableIOSwitchBooster:
 790              		@ args = 0, pretend = 0, frame = 0
 791              		@ frame_needed = 0, uses_anonymous_args = 0
 792              		@ link register save eliminated.
 793 0000 024A     		ldr	r2, .L122
 794 0002 5368     		ldr	r3, [r2, #4]
 795 0004 23F48073 		bic	r3, r3, #256
 796 0008 5360     		str	r3, [r2, #4]
 797 000a 7047     		bx	lr
 798              	.L123:
 799              		.align	2
 800              	.L122:
 801 000c 00000140 		.word	1073807360
 803              		.section	.text.HAL_SYSCFG_EnableIOSwitchVDD,"ax",%progbits
 804              		.align	1
 805              		.global	HAL_SYSCFG_EnableIOSwitchVDD
 806              		.syntax unified
 807              		.thumb
 808              		.thumb_func
 810              	HAL_SYSCFG_EnableIOSwitchVDD:
 811              		@ args = 0, pretend = 0, frame = 0
 812              		@ frame_needed = 0, uses_anonymous_args = 0
ARM GAS  C:\Users\aniru.000\AppData\Local\Temp\ccYiAgMa.s 			page 14


 813              		@ link register save eliminated.
 814 0000 024A     		ldr	r2, .L125
 815 0002 5368     		ldr	r3, [r2, #4]
 816 0004 43F40073 		orr	r3, r3, #512
 817 0008 5360     		str	r3, [r2, #4]
 818 000a 7047     		bx	lr
 819              	.L126:
 820              		.align	2
 821              	.L125:
 822 000c 00000140 		.word	1073807360
 824              		.section	.text.HAL_SYSCFG_DisableIOSwitchVDD,"ax",%progbits
 825              		.align	1
 826              		.global	HAL_SYSCFG_DisableIOSwitchVDD
 827              		.syntax unified
 828              		.thumb
 829              		.thumb_func
 831              	HAL_SYSCFG_DisableIOSwitchVDD:
 832              		@ args = 0, pretend = 0, frame = 0
 833              		@ frame_needed = 0, uses_anonymous_args = 0
 834              		@ link register save eliminated.
 835 0000 024A     		ldr	r2, .L128
 836 0002 5368     		ldr	r3, [r2, #4]
 837 0004 23F40073 		bic	r3, r3, #512
 838 0008 5360     		str	r3, [r2, #4]
 839 000a 7047     		bx	lr
 840              	.L129:
 841              		.align	2
 842              	.L128:
 843 000c 00000140 		.word	1073807360
 845              		.section	.text.HAL_SYSCFG_CCMSRAM_WriteProtectionEnable,"ax",%progbits
 846              		.align	1
 847              		.global	HAL_SYSCFG_CCMSRAM_WriteProtectionEnable
 848              		.syntax unified
 849              		.thumb
 850              		.thumb_func
 852              	HAL_SYSCFG_CCMSRAM_WriteProtectionEnable:
 853              		@ args = 0, pretend = 0, frame = 0
 854              		@ frame_needed = 0, uses_anonymous_args = 0
 855              		@ link register save eliminated.
 856 0000 024A     		ldr	r2, .L131
 857 0002 136A     		ldr	r3, [r2, #32]
 858 0004 0343     		orrs	r3, r3, r0
 859 0006 1362     		str	r3, [r2, #32]
 860 0008 7047     		bx	lr
 861              	.L132:
 862 000a 00BF     		.align	2
 863              	.L131:
 864 000c 00000140 		.word	1073807360
 866              		.global	uwTickFreq
 867              		.section	.data.uwTickFreq,"aw"
 868              		.align	2
 871              	uwTickFreq:
 872 0000 01000000 		.word	1
 873              		.global	uwTickPrio
 874              		.section	.data.uwTickPrio,"aw"
 875              		.align	2
 878              	uwTickPrio:
ARM GAS  C:\Users\aniru.000\AppData\Local\Temp\ccYiAgMa.s 			page 15


 879 0000 10000000 		.word	16
 880              		.global	uwTick
 881              		.section	.bss.uwTick,"aw",%nobits
 882              		.align	2
 885              	uwTick:
 886 0000 00000000 		.space	4
 887              		.ident	"GCC: (xPack GNU Arm Embedded GCC x86_64) 15.2.1 20251203"
ARM GAS  C:\Users\aniru.000\AppData\Local\Temp\ccYiAgMa.s 			page 16


DEFINED SYMBOLS
                            *ABS*:00000000 stm32g4xx_hal.c
C:\Users\aniru.000\AppData\Local\Temp\ccYiAgMa.s:18     .text.HAL_MspInit:00000000 $t
C:\Users\aniru.000\AppData\Local\Temp\ccYiAgMa.s:24     .text.HAL_MspInit:00000000 HAL_MspInit
C:\Users\aniru.000\AppData\Local\Temp\ccYiAgMa.s:31     .text.HAL_MspDeInit:00000000 $t
C:\Users\aniru.000\AppData\Local\Temp\ccYiAgMa.s:37     .text.HAL_MspDeInit:00000000 HAL_MspDeInit
C:\Users\aniru.000\AppData\Local\Temp\ccYiAgMa.s:44     .text.HAL_DeInit:00000000 $t
C:\Users\aniru.000\AppData\Local\Temp\ccYiAgMa.s:50     .text.HAL_DeInit:00000000 HAL_DeInit
C:\Users\aniru.000\AppData\Local\Temp\ccYiAgMa.s:73     .text.HAL_DeInit:00000028 $d
C:\Users\aniru.000\AppData\Local\Temp\ccYiAgMa.s:76     .text.HAL_InitTick:00000000 $t
C:\Users\aniru.000\AppData\Local\Temp\ccYiAgMa.s:82     .text.HAL_InitTick:00000000 HAL_InitTick
C:\Users\aniru.000\AppData\Local\Temp\ccYiAgMa.s:120    .text.HAL_InitTick:00000044 $d
C:\Users\aniru.000\AppData\Local\Temp\ccYiAgMa.s:871    .data.uwTickFreq:00000000 uwTickFreq
C:\Users\aniru.000\AppData\Local\Temp\ccYiAgMa.s:878    .data.uwTickPrio:00000000 uwTickPrio
C:\Users\aniru.000\AppData\Local\Temp\ccYiAgMa.s:125    .text.HAL_Init:00000000 $t
C:\Users\aniru.000\AppData\Local\Temp\ccYiAgMa.s:131    .text.HAL_Init:00000000 HAL_Init
C:\Users\aniru.000\AppData\Local\Temp\ccYiAgMa.s:151    .text.HAL_IncTick:00000000 $t
C:\Users\aniru.000\AppData\Local\Temp\ccYiAgMa.s:157    .text.HAL_IncTick:00000000 HAL_IncTick
C:\Users\aniru.000\AppData\Local\Temp\ccYiAgMa.s:171    .text.HAL_IncTick:00000010 $d
C:\Users\aniru.000\AppData\Local\Temp\ccYiAgMa.s:885    .bss.uwTick:00000000 uwTick
C:\Users\aniru.000\AppData\Local\Temp\ccYiAgMa.s:175    .text.HAL_GetTick:00000000 $t
C:\Users\aniru.000\AppData\Local\Temp\ccYiAgMa.s:181    .text.HAL_GetTick:00000000 HAL_GetTick
C:\Users\aniru.000\AppData\Local\Temp\ccYiAgMa.s:191    .text.HAL_GetTick:00000008 $d
C:\Users\aniru.000\AppData\Local\Temp\ccYiAgMa.s:194    .text.HAL_GetTickPrio:00000000 $t
C:\Users\aniru.000\AppData\Local\Temp\ccYiAgMa.s:200    .text.HAL_GetTickPrio:00000000 HAL_GetTickPrio
C:\Users\aniru.000\AppData\Local\Temp\ccYiAgMa.s:210    .text.HAL_GetTickPrio:00000008 $d
C:\Users\aniru.000\AppData\Local\Temp\ccYiAgMa.s:213    .text.HAL_SetTickFreq:00000000 $t
C:\Users\aniru.000\AppData\Local\Temp\ccYiAgMa.s:219    .text.HAL_SetTickFreq:00000000 HAL_SetTickFreq
C:\Users\aniru.000\AppData\Local\Temp\ccYiAgMa.s:243    .text.HAL_SetTickFreq:00000024 $d
C:\Users\aniru.000\AppData\Local\Temp\ccYiAgMa.s:247    .text.HAL_GetTickFreq:00000000 $t
C:\Users\aniru.000\AppData\Local\Temp\ccYiAgMa.s:253    .text.HAL_GetTickFreq:00000000 HAL_GetTickFreq
C:\Users\aniru.000\AppData\Local\Temp\ccYiAgMa.s:263    .text.HAL_GetTickFreq:00000008 $d
C:\Users\aniru.000\AppData\Local\Temp\ccYiAgMa.s:266    .text.HAL_Delay:00000000 $t
C:\Users\aniru.000\AppData\Local\Temp\ccYiAgMa.s:272    .text.HAL_Delay:00000000 HAL_Delay
C:\Users\aniru.000\AppData\Local\Temp\ccYiAgMa.s:293    .text.HAL_Delay:00000024 $d
C:\Users\aniru.000\AppData\Local\Temp\ccYiAgMa.s:296    .text.HAL_SuspendTick:00000000 $t
C:\Users\aniru.000\AppData\Local\Temp\ccYiAgMa.s:302    .text.HAL_SuspendTick:00000000 HAL_SuspendTick
C:\Users\aniru.000\AppData\Local\Temp\ccYiAgMa.s:313    .text.HAL_ResumeTick:00000000 $t
C:\Users\aniru.000\AppData\Local\Temp\ccYiAgMa.s:319    .text.HAL_ResumeTick:00000000 HAL_ResumeTick
C:\Users\aniru.000\AppData\Local\Temp\ccYiAgMa.s:330    .text.HAL_GetHalVersion:00000000 $t
C:\Users\aniru.000\AppData\Local\Temp\ccYiAgMa.s:336    .text.HAL_GetHalVersion:00000000 HAL_GetHalVersion
C:\Users\aniru.000\AppData\Local\Temp\ccYiAgMa.s:345    .text.HAL_GetHalVersion:00000004 $d
C:\Users\aniru.000\AppData\Local\Temp\ccYiAgMa.s:348    .text.HAL_GetREVID:00000000 $t
C:\Users\aniru.000\AppData\Local\Temp\ccYiAgMa.s:354    .text.HAL_GetREVID:00000000 HAL_GetREVID
C:\Users\aniru.000\AppData\Local\Temp\ccYiAgMa.s:365    .text.HAL_GetREVID:00000008 $d
C:\Users\aniru.000\AppData\Local\Temp\ccYiAgMa.s:368    .text.HAL_GetDEVID:00000000 $t
C:\Users\aniru.000\AppData\Local\Temp\ccYiAgMa.s:374    .text.HAL_GetDEVID:00000000 HAL_GetDEVID
C:\Users\aniru.000\AppData\Local\Temp\ccYiAgMa.s:385    .text.HAL_GetDEVID:0000000c $d
C:\Users\aniru.000\AppData\Local\Temp\ccYiAgMa.s:388    .text.HAL_GetUIDw0:00000000 $t
C:\Users\aniru.000\AppData\Local\Temp\ccYiAgMa.s:394    .text.HAL_GetUIDw0:00000000 HAL_GetUIDw0
C:\Users\aniru.000\AppData\Local\Temp\ccYiAgMa.s:404    .text.HAL_GetUIDw0:00000008 $d
C:\Users\aniru.000\AppData\Local\Temp\ccYiAgMa.s:407    .text.HAL_GetUIDw1:00000000 $t
C:\Users\aniru.000\AppData\Local\Temp\ccYiAgMa.s:413    .text.HAL_GetUIDw1:00000000 HAL_GetUIDw1
C:\Users\aniru.000\AppData\Local\Temp\ccYiAgMa.s:423    .text.HAL_GetUIDw1:00000008 $d
C:\Users\aniru.000\AppData\Local\Temp\ccYiAgMa.s:426    .text.HAL_GetUIDw2:00000000 $t
C:\Users\aniru.000\AppData\Local\Temp\ccYiAgMa.s:432    .text.HAL_GetUIDw2:00000000 HAL_GetUIDw2
C:\Users\aniru.000\AppData\Local\Temp\ccYiAgMa.s:442    .text.HAL_GetUIDw2:00000008 $d
ARM GAS  C:\Users\aniru.000\AppData\Local\Temp\ccYiAgMa.s 			page 17


C:\Users\aniru.000\AppData\Local\Temp\ccYiAgMa.s:445    .text.HAL_DBGMCU_EnableDBGSleepMode:00000000 $t
C:\Users\aniru.000\AppData\Local\Temp\ccYiAgMa.s:451    .text.HAL_DBGMCU_EnableDBGSleepMode:00000000 HAL_DBGMCU_EnableDBGSleepMode
C:\Users\aniru.000\AppData\Local\Temp\ccYiAgMa.s:463    .text.HAL_DBGMCU_EnableDBGSleepMode:0000000c $d
C:\Users\aniru.000\AppData\Local\Temp\ccYiAgMa.s:466    .text.HAL_DBGMCU_DisableDBGSleepMode:00000000 $t
C:\Users\aniru.000\AppData\Local\Temp\ccYiAgMa.s:472    .text.HAL_DBGMCU_DisableDBGSleepMode:00000000 HAL_DBGMCU_DisableDBGSleepMode
C:\Users\aniru.000\AppData\Local\Temp\ccYiAgMa.s:484    .text.HAL_DBGMCU_DisableDBGSleepMode:0000000c $d
C:\Users\aniru.000\AppData\Local\Temp\ccYiAgMa.s:487    .text.HAL_DBGMCU_EnableDBGStopMode:00000000 $t
C:\Users\aniru.000\AppData\Local\Temp\ccYiAgMa.s:493    .text.HAL_DBGMCU_EnableDBGStopMode:00000000 HAL_DBGMCU_EnableDBGStopMode
C:\Users\aniru.000\AppData\Local\Temp\ccYiAgMa.s:505    .text.HAL_DBGMCU_EnableDBGStopMode:0000000c $d
C:\Users\aniru.000\AppData\Local\Temp\ccYiAgMa.s:508    .text.HAL_DBGMCU_DisableDBGStopMode:00000000 $t
C:\Users\aniru.000\AppData\Local\Temp\ccYiAgMa.s:514    .text.HAL_DBGMCU_DisableDBGStopMode:00000000 HAL_DBGMCU_DisableDBGStopMode
C:\Users\aniru.000\AppData\Local\Temp\ccYiAgMa.s:526    .text.HAL_DBGMCU_DisableDBGStopMode:0000000c $d
C:\Users\aniru.000\AppData\Local\Temp\ccYiAgMa.s:529    .text.HAL_DBGMCU_EnableDBGStandbyMode:00000000 $t
C:\Users\aniru.000\AppData\Local\Temp\ccYiAgMa.s:535    .text.HAL_DBGMCU_EnableDBGStandbyMode:00000000 HAL_DBGMCU_EnableDBGStandbyMode
C:\Users\aniru.000\AppData\Local\Temp\ccYiAgMa.s:547    .text.HAL_DBGMCU_EnableDBGStandbyMode:0000000c $d
C:\Users\aniru.000\AppData\Local\Temp\ccYiAgMa.s:550    .text.HAL_DBGMCU_DisableDBGStandbyMode:00000000 $t
C:\Users\aniru.000\AppData\Local\Temp\ccYiAgMa.s:556    .text.HAL_DBGMCU_DisableDBGStandbyMode:00000000 HAL_DBGMCU_DisableDBGStandbyMode
C:\Users\aniru.000\AppData\Local\Temp\ccYiAgMa.s:568    .text.HAL_DBGMCU_DisableDBGStandbyMode:0000000c $d
C:\Users\aniru.000\AppData\Local\Temp\ccYiAgMa.s:571    .text.HAL_SYSCFG_CCMSRAMErase:00000000 $t
C:\Users\aniru.000\AppData\Local\Temp\ccYiAgMa.s:577    .text.HAL_SYSCFG_CCMSRAMErase:00000000 HAL_SYSCFG_CCMSRAMErase
C:\Users\aniru.000\AppData\Local\Temp\ccYiAgMa.s:593    .text.HAL_SYSCFG_CCMSRAMErase:00000014 $d
C:\Users\aniru.000\AppData\Local\Temp\ccYiAgMa.s:596    .text.HAL_SYSCFG_EnableMemorySwappingBank:00000000 $t
C:\Users\aniru.000\AppData\Local\Temp\ccYiAgMa.s:602    .text.HAL_SYSCFG_EnableMemorySwappingBank:00000000 HAL_SYSCFG_EnableMemorySwappingBank
C:\Users\aniru.000\AppData\Local\Temp\ccYiAgMa.s:614    .text.HAL_SYSCFG_EnableMemorySwappingBank:0000000c $d
C:\Users\aniru.000\AppData\Local\Temp\ccYiAgMa.s:617    .text.HAL_SYSCFG_DisableMemorySwappingBank:00000000 $t
C:\Users\aniru.000\AppData\Local\Temp\ccYiAgMa.s:623    .text.HAL_SYSCFG_DisableMemorySwappingBank:00000000 HAL_SYSCFG_DisableMemorySwappingBank
C:\Users\aniru.000\AppData\Local\Temp\ccYiAgMa.s:635    .text.HAL_SYSCFG_DisableMemorySwappingBank:0000000c $d
C:\Users\aniru.000\AppData\Local\Temp\ccYiAgMa.s:638    .text.HAL_SYSCFG_VREFBUF_VoltageScalingConfig:00000000 $t
C:\Users\aniru.000\AppData\Local\Temp\ccYiAgMa.s:644    .text.HAL_SYSCFG_VREFBUF_VoltageScalingConfig:00000000 HAL_SYSCFG_VREFBUF_VoltageScalingConfig
C:\Users\aniru.000\AppData\Local\Temp\ccYiAgMa.s:657    .text.HAL_SYSCFG_VREFBUF_VoltageScalingConfig:00000010 $d
C:\Users\aniru.000\AppData\Local\Temp\ccYiAgMa.s:660    .text.HAL_SYSCFG_VREFBUF_HighImpedanceConfig:00000000 $t
C:\Users\aniru.000\AppData\Local\Temp\ccYiAgMa.s:666    .text.HAL_SYSCFG_VREFBUF_HighImpedanceConfig:00000000 HAL_SYSCFG_VREFBUF_HighImpedanceConfig
C:\Users\aniru.000\AppData\Local\Temp\ccYiAgMa.s:679    .text.HAL_SYSCFG_VREFBUF_HighImpedanceConfig:00000010 $d
C:\Users\aniru.000\AppData\Local\Temp\ccYiAgMa.s:682    .text.HAL_SYSCFG_VREFBUF_TrimmingConfig:00000000 $t
C:\Users\aniru.000\AppData\Local\Temp\ccYiAgMa.s:688    .text.HAL_SYSCFG_VREFBUF_TrimmingConfig:00000000 HAL_SYSCFG_VREFBUF_TrimmingConfig
C:\Users\aniru.000\AppData\Local\Temp\ccYiAgMa.s:701    .text.HAL_SYSCFG_VREFBUF_TrimmingConfig:00000010 $d
C:\Users\aniru.000\AppData\Local\Temp\ccYiAgMa.s:704    .text.HAL_SYSCFG_EnableVREFBUF:00000000 $t
C:\Users\aniru.000\AppData\Local\Temp\ccYiAgMa.s:710    .text.HAL_SYSCFG_EnableVREFBUF:00000000 HAL_SYSCFG_EnableVREFBUF
C:\Users\aniru.000\AppData\Local\Temp\ccYiAgMa.s:738    .text.HAL_SYSCFG_EnableVREFBUF:00000030 $d
C:\Users\aniru.000\AppData\Local\Temp\ccYiAgMa.s:741    .text.HAL_SYSCFG_DisableVREFBUF:00000000 $t
C:\Users\aniru.000\AppData\Local\Temp\ccYiAgMa.s:747    .text.HAL_SYSCFG_DisableVREFBUF:00000000 HAL_SYSCFG_DisableVREFBUF
C:\Users\aniru.000\AppData\Local\Temp\ccYiAgMa.s:759    .text.HAL_SYSCFG_DisableVREFBUF:0000000c $d
C:\Users\aniru.000\AppData\Local\Temp\ccYiAgMa.s:762    .text.HAL_SYSCFG_EnableIOSwitchBooster:00000000 $t
C:\Users\aniru.000\AppData\Local\Temp\ccYiAgMa.s:768    .text.HAL_SYSCFG_EnableIOSwitchBooster:00000000 HAL_SYSCFG_EnableIOSwitchBooster
C:\Users\aniru.000\AppData\Local\Temp\ccYiAgMa.s:780    .text.HAL_SYSCFG_EnableIOSwitchBooster:0000000c $d
C:\Users\aniru.000\AppData\Local\Temp\ccYiAgMa.s:783    .text.HAL_SYSCFG_DisableIOSwitchBooster:00000000 $t
C:\Users\aniru.000\AppData\Local\Temp\ccYiAgMa.s:789    .text.HAL_SYSCFG_DisableIOSwitchBooster:00000000 HAL_SYSCFG_DisableIOSwitchBooster
C:\Users\aniru.000\AppData\Local\Temp\ccYiAgMa.s:801    .text.HAL_SYSCFG_DisableIOSwitchBooster:0000000c $d
C:\Users\aniru.000\AppData\Local\Temp\ccYiAgMa.s:804    .text.HAL_SYSCFG_EnableIOSwitchVDD:00000000 $t
C:\Users\aniru.000\AppData\Local\Temp\ccYiAgMa.s:810    .text.HAL_SYSCFG_EnableIOSwitchVDD:00000000 HAL_SYSCFG_EnableIOSwitchVDD
C:\Users\aniru.000\AppData\Local\Temp\ccYiAgMa.s:822    .text.HAL_SYSCFG_EnableIOSwitchVDD:0000000c $d
C:\Users\aniru.000\AppData\Local\Temp\ccYiAgMa.s:825    .text.HAL_SYSCFG_DisableIOSwitchVDD:00000000 $t
C:\Users\aniru.000\AppData\Local\Temp\ccYiAgMa.s:831    .text.HAL_SYSCFG_DisableIOSwitchVDD:00000000 HAL_SYSCFG_DisableIOSwitchVDD
C:\Users\aniru.000\AppData\Local\Temp\ccYiAgMa.s:843    .text.HAL_SYSCFG_DisableIOSwitchVDD:0000000c $d
C:\Users\aniru.000\AppData\Local\Temp\ccYiAgMa.s:846    .text.HAL_SYSCFG_CCMSRAM_WriteProtectionEnable:00000000 $t
C:\Users\aniru.000\AppData\Local\Temp\ccYiAgMa.s:852    .text.HAL_SYSCFG_CCMSRAM_WriteProtectionEnable:00000000 HAL_SYSCFG_CCMSRAM_WriteProtectionEnable
C:\Users\aniru.000\AppData\Local\Temp\ccYiAgMa.s:864    .text.HAL_SYSCFG_CCMSRAM_WriteProtectionEnable:0000000c $d
ARM GAS  C:\Users\aniru.000\AppData\Local\Temp\ccYiAgMa.s 			page 18


C:\Users\aniru.000\AppData\Local\Temp\ccYiAgMa.s:868    .data.uwTickFreq:00000000 $d
C:\Users\aniru.000\AppData\Local\Temp\ccYiAgMa.s:875    .data.uwTickPrio:00000000 $d
C:\Users\aniru.000\AppData\Local\Temp\ccYiAgMa.s:882    .bss.uwTick:00000000 $d

UNDEFINED SYMBOLS
HAL_SYSTICK_Config
HAL_NVIC_SetPriority
SystemCoreClock
HAL_NVIC_SetPriorityGrouping
